Using pre-set license
Built from '2022.2/staging' branch; Version is '2022.2.15f1 (30d813e1a2a9) revision 3201043'; Using compiler version '192829333'; Build Type 'Release'
OS: 'Windows 10  (10.0.19045) 64bit Core' Language: 'en' Physical Memory: 15776 MB
BatchMode: 1, IsHumanControllingUs: 0, StartBugReporterOnCrash: 0, Is64bit: 1, IsPro: 1

COMMAND LINE ARGUMENTS:
C:\Program Files\Unity 2020.3.20f1\Editor\2022.2.15f1\Editor\Unity.exe
-adb2
-batchMode
-noUpm
-name
AssetImportWorker10
-projectPath
C:/Users/hodex/Desktop/School/SAP/warehouse-simulator
-logFile
Logs/AssetImportWorker10.log
-srvPort
52332
Successfully changed project path to: C:/Users/hodex/Desktop/School/SAP/warehouse-simulator
C:/Users/hodex/Desktop/School/SAP/warehouse-simulator
[UnityMemory] Configuration Parameters - Can be set up in boot.config
    "memorysetup-bucket-allocator-granularity=16"
    "memorysetup-bucket-allocator-bucket-count=8"
    "memorysetup-bucket-allocator-block-size=33554432"
    "memorysetup-bucket-allocator-block-count=8"
    "memorysetup-main-allocator-block-size=16777216"
    "memorysetup-thread-allocator-block-size=16777216"
    "memorysetup-gfx-main-allocator-block-size=16777216"
    "memorysetup-gfx-thread-allocator-block-size=16777216"
    "memorysetup-cache-allocator-block-size=4194304"
    "memorysetup-typetree-allocator-block-size=2097152"
    "memorysetup-profiler-bucket-allocator-granularity=16"
    "memorysetup-profiler-bucket-allocator-bucket-count=8"
    "memorysetup-profiler-bucket-allocator-block-size=33554432"
    "memorysetup-profiler-bucket-allocator-block-count=8"
    "memorysetup-profiler-allocator-block-size=16777216"
    "memorysetup-profiler-editor-allocator-block-size=1048576"
    "memorysetup-temp-allocator-size-main=16777216"
    "memorysetup-job-temp-allocator-block-size=2097152"
    "memorysetup-job-temp-allocator-block-size-background=1048576"
    "memorysetup-job-temp-allocator-reduction-small-platforms=262144"
    "memorysetup-temp-allocator-size-background-worker=32768"
    "memorysetup-temp-allocator-size-job-worker=262144"
    "memorysetup-temp-allocator-size-preload-manager=33554432"
    "memorysetup-temp-allocator-size-nav-mesh-worker=65536"
    "memorysetup-temp-allocator-size-audio-worker=65536"
    "memorysetup-temp-allocator-size-cloud-worker=32768"
    "memorysetup-temp-allocator-size-gi-baking-worker=262144"
    "memorysetup-temp-allocator-size-gfx=262144"
Player connection [11880] Host "[IP] 172.22.43.48 [Port] 0 [Flags] 2 [Guid] 3979710571 [EditorId] 3979710571 [Version] 1048832 [Id] WindowsEditor(7,Dexter-Laptop) [Debug] 1 [PackageName] WindowsEditor [ProjectName] Editor" joined multi-casting on [225.0.0.222:54997]...

Player connection [11880] Host "[IP] 172.22.43.48 [Port] 0 [Flags] 2 [Guid] 3979710571 [EditorId] 3979710571 [Version] 1048832 [Id] WindowsEditor(7,Dexter-Laptop) [Debug] 1 [PackageName] WindowsEditor [ProjectName] Editor" joined alternative multi-casting on [225.0.0.222:34997]...

Refreshing native plugins compatible for Editor in 43.99 ms, found 13 plugins.
Preloading 1 native plugins for Editor in 0.98 ms.
Initialize engine version: 2022.2.15f1 (30d813e1a2a9)
[Subsystems] Discovering subsystems at path C:/Program Files/Unity 2020.3.20f1/Editor/2022.2.15f1/Editor/Data/Resources/UnitySubsystems
[Subsystems] Discovering subsystems at path C:/Users/hodex/Desktop/School/SAP/warehouse-simulator/Assets
GfxDevice: creating device client; threaded=0; jobified=0
Direct3D:
    Version:  Direct3D 11.0 [level 11.1]
    Renderer: NVIDIA GeForce RTX 3070 Laptop GPU (ID=0x249d)
    Vendor:   NVIDIA
    VRAM:     8044 MB
    Driver:   30.0.15.1278
Initialize mono
Mono path[0] = 'C:/Program Files/Unity 2020.3.20f1/Editor/2022.2.15f1/Editor/Data/Managed'
Mono path[1] = 'C:/Program Files/Unity 2020.3.20f1/Editor/2022.2.15f1/Editor/Data/MonoBleedingEdge/lib/mono/unityjit-win32'
Mono config path = 'C:/Program Files/Unity 2020.3.20f1/Editor/2022.2.15f1/Editor/Data/MonoBleedingEdge/etc'
Using monoOptions --debugger-agent=transport=dt_socket,embedding=1,server=y,suspend=n,address=127.0.0.1:56616
Begin MonoManager ReloadAssembly
Registering precompiled unity dll's ...
Register platform support module: C:/Program Files/Unity 2020.3.20f1/Editor/2022.2.15f1/Editor/Data/PlaybackEngines/WebGLSupport/UnityEditor.WebGL.Extensions.dll
Register platform support module: C:/Program Files/Unity 2020.3.20f1/Editor/2022.2.15f1/Editor/Data/PlaybackEngines/AndroidPlayer/UnityEditor.Android.Extensions.dll
Register platform support module: C:/Program Files/Unity 2020.3.20f1/Editor/2022.2.15f1/Editor/Data/PlaybackEngines/WindowsStandaloneSupport/UnityEditor.WindowsStandalone.Extensions.dll
Register platform support module: C:/Program Files/Unity 2020.3.20f1/Editor/2022.2.15f1/Editor/Data/PlaybackEngines/MetroSupport/UnityEditor.UWP.Extensions.dll
Registered in 0.019755 seconds.
- Loaded All Assemblies, in  0.445 seconds
Native extension for UWP target not found
Native extension for WindowsStandalone target not found
Native extension for Android target not found
Android Extension - Scanning For ADB Devices 723 ms
Native extension for WebGL target not found
Mono: successfully reloaded assembly
- Finished resetting the current domain, in  1.095 seconds
Domain Reload Profiling:
	ReloadAssembly (257ms)
		BeginReloadAssembly (121ms)
			ExecutionOrderSort (0ms)
			DisableScriptedObjects (0ms)
			BackupInstance (0ms)
			ReleaseScriptingObjects (0ms)
			CreateAndSetChildDomain (1ms)
		LoadAllAssembliesAndSetupDomain (0ms)
			LoadAssemblies (119ms)
			RebuildTransferFunctionScriptingTraits (0ms)
			SetupTypeCache (170ms)
				TypeCache.Initialize (169ms)
					TypeCache.ScanAssembly (166ms)
				ResolveRequiredComponents (1ms)
		FinalizeReload (0ms)
			ReleaseScriptCaches (0ms)
			RebuildScriptCaches (0ms)
			SetupLoadedEditorAssemblies (1033ms)
				LogAssemblyErrors (0ms)
				InitializePlatformSupportModulesInManaged (836ms)
				SetLoadedEditorAssemblies (4ms)
				RefreshPlugins (0ms)
				BeforeProcessingInitializeOnLoad (1ms)
				ProcessInitializeOnLoadAttributes (129ms)
				ProcessInitializeOnLoadMethodAttributes (62ms)
				AfterProcessingInitializeOnLoad (0ms)
				EditorAssembliesLoaded (0ms)
			ExecutionOrderSort2 (0ms)
			AwakeInstancesAfterBackupRestoration (0ms)
========================================================================
Worker process is ready to serve import requests
Begin MonoManager ReloadAssembly
Symbol file LoadedFromMemory doesn't match image C:\Users\hodex\Desktop\School\SAP\warehouse-simulator\Library\PackageCache\com.unity.visualscripting@1.8.0\Editor\VisualScripting.Core\Dependencies\YamlDotNet\Unity.VisualScripting.YamlDotNet.dll
Symbol file LoadedFromMemory doesn't match image C:\Users\hodex\Desktop\School\SAP\warehouse-simulator\Library\PackageCache\com.unity.visualscripting@1.8.0\Editor\VisualScripting.Core\Dependencies\DotNetZip\Unity.VisualScripting.IonicZip.dll
- Loaded All Assemblies, in  1.282 seconds
Refreshing native plugins compatible for Editor in 19.83 ms, found 13 plugins.
Native extension for UWP target not found
Native extension for WindowsStandalone target not found
Native extension for Android target not found
Native extension for WebGL target not found
Package Manager log level set to [2]
[Package Manager] Server::EnsureServerProcessIsRunning -- launch failed, reason: Unity was launched with the -noUpm command-line argument
[Package Manager] UpmClient::Send -- Unable to send message (not connected to UPM process).
[Package Manager] Cannot connect to Unity Package Manager local server
System.Reflection.TargetInvocationException: Exception has been thrown by the target of an invocation. ---> System.NullReferenceException: Object reference not set to an instance of an object
  at Unity.XR.Oculus.OculusLoader.AssetPathToAbsolutePath (System.String assetPath) [0x0003d] in .\Library\PackageCache\com.unity.xr.oculus@3.3.0\Runtime\OculusLoader.cs:282 
  at Unity.XR.Oculus.OculusLoader.EditorLoadOVRPlugin () [0x0007b] in .\Library\PackageCache\com.unity.xr.oculus@3.3.0\Runtime\OculusLoader.cs:267 
  at (wrapper managed-to-native) System.Reflection.RuntimeMethodInfo.InternalInvoke(System.Reflection.RuntimeMethodInfo,object,object[],System.Exception&)
  at System.Reflection.RuntimeMethodInfo.Invoke (System.Object obj, System.Reflection.BindingFlags invokeAttr, System.Reflection.Binder binder, System.Object[] parameters, System.Globalization.CultureInfo culture) [0x0006a] in <cbc72d4a9767498db39486e941a498e3>:0 
   --- End of inner exception stack trace ---
  at System.Reflection.RuntimeMethodInfo.Invoke (System.Object obj, System.Reflection.BindingFlags invokeAttr, System.Reflection.Binder binder, System.Object[] parameters, System.Globalization.CultureInfo culture) [0x00083] in <cbc72d4a9767498db39486e941a498e3>:0 
  at System.Reflection.MethodBase.Invoke (System.Object obj, System.Object[] parameters) [0x00000] in <cbc72d4a9767498db39486e941a498e3>:0 
  at UnityEditor.EditorAssemblies.ProcessInitializeOnLoadMethodAttributes () [0x000a5] in <a034809d7c214f51bd2d2d89aa481461>:0 
UnityEngine.StackTraceUtility:ExtractStackTrace ()
UnityEngine.DebugLogHandler:LogFormat (UnityEngine.LogType,UnityEngine.Object,string,object[])
UnityEngine.Logger:Log (UnityEngine.LogType,object)
UnityEngine.Debug:LogError (object)
UnityEditor.EditorAssemblies:ProcessInitializeOnLoadMethodAttributes ()

Mono: successfully reloaded assembly
[Package Manager] Server::EnsureServerProcessIsRunning -- launch failed, reason: Unity was launched with the -noUpm command-line argument
[Package Manager] UpmClient::Send -- Unable to send message (not connected to UPM process).
[Package Manager] Cannot connect to Unity Package Manager local server
[Package Manager] Server::EnsureServerProcessIsRunning -- launch failed, reason: Unity was launched with the -noUpm command-line argument
[Package Manager] UpmClient::Send -- Unable to send message (not connected to UPM process).
[Package Manager] Cannot connect to Unity Package Manager local server
- Finished resetting the current domain, in  1.236 seconds
Domain Reload Profiling:
	ReloadAssembly (314ms)
		BeginReloadAssembly (203ms)
			ExecutionOrderSort (0ms)
			DisableScriptedObjects (5ms)
			BackupInstance (0ms)
			ReleaseScriptingObjects (0ms)
			CreateAndSetChildDomain (48ms)
		LoadAllAssembliesAndSetupDomain (960ms)
			LoadAssemblies (575ms)
			RebuildTransferFunctionScriptingTraits (0ms)
			SetupTypeCache (472ms)
				TypeCache.Initialize (423ms)
					TypeCache.ScanAssembly (413ms)
				ResolveRequiredComponents (12ms)
		FinalizeReload (0ms)
			ReleaseScriptCaches (0ms)
			RebuildScriptCaches (0ms)
			SetupLoadedEditorAssemblies (987ms)
				LogAssemblyErrors (0ms)
				InitializePlatformSupportModulesInManaged (34ms)
				SetLoadedEditorAssemblies (6ms)
				RefreshPlugins (0ms)
				BeforeProcessingInitializeOnLoad (112ms)
				ProcessInitializeOnLoadAttributes (749ms)
				ProcessInitializeOnLoadMethodAttributes (75ms)
				AfterProcessingInitializeOnLoad (11ms)
				EditorAssembliesLoaded (0ms)
			ExecutionOrderSort2 (0ms)
			AwakeInstancesAfterBackupRestoration (7ms)
Launched and connected shader compiler UnityShaderCompiler.exe after 0.06 seconds
Refreshing native plugins compatible for Editor in 21.12 ms, found 13 plugins.
Preloading 1 native plugins for Editor in 0.09 ms.
Unloading 4746 Unused Serialized files (Serialized files now loaded: 0)
Unloading 83 unused Assets / (1.3 MB). Loaded Objects now: 5219.
Memory consumption went from 167.3 MB to 166.0 MB.
Total: 5.939400 ms (FindLiveObjects: 0.491800 ms CreateObjectMapping: 0.368100 ms MarkObjects: 4.616000 ms  DeleteObjects: 0.462200 ms)

AssetImportParameters requested are different than current active one (requested -> active):
  custom:container-demuxer-ogg: 62fdf1f143b41e24485cea50d1cbac27 -> 
  custom:video-codec-MediaFoundation-h265: e54d7ab0439102e2317fc1e4b246158d -> 
  custom:video-decoder-ogg-theora: a1e56fd34408186e4bbccfd4996cb3dc -> 
  custom:framework-win-MediaFoundation: 216162199b28c13a410421893ffa2e32 -> 
  custom:container-demuxer-webm: 4f35f7cbe854078d1ac9338744f61a02 -> 
  custom:container-muxer-webm: aa71ff27fc2769a1b78a27578f13a17b -> 
  custom:video-decoder-webm-vp8: 9c59270c3fd7afecdb556c50c9e8de78 -> 
  custom:AudioImporter_EditorPlatform: d09bf68614088b80899f8185d706f6e7 -> 
  custom:video-encoder-webm-vp8: eb34c28f22e8b96e1ab97ce403110664 -> 
  custom:audio-decoder-ogg-vorbis: bf7c407c2cedff20999df2af8eb42d56 -> 
  custom:audio-encoder-webm-vorbis: bf7c407c2cedff20999df2af8eb42d56 -> 
========================================================================
Received Import Request.
  Time since last request: 152620.755475 seconds.
  path: Assets/Modern UI Pack/Prefabs/Toggle/Toggle Group Panel.prefab
  artifactKey: Guid(a5d293c769b0f7f4a9799228fe8ae84a) Importer(815301076,1909f56bfc062723c751e8b465ee728b)
Start importing Assets/Modern UI Pack/Prefabs/Toggle/Toggle Group Panel.prefab using Guid(a5d293c769b0f7f4a9799228fe8ae84a) Importer(815301076,1909f56bfc062723c751e8b465ee728b)  -> (artifact id: '94e0dcd335936c5652ade1f9b8d7caf2') in 0.122317 seconds
Number of updated asset objects reloaded before import = 0
Number of asset objects unloaded after import = 124
========================================================================
Received Import Request.
  Time since last request: 0.000027 seconds.
  path: Assets/TextMesh Pro/Examples & Extras/Prefabs/Text Popup.prefab
  artifactKey: Guid(b06f0e6c1dfa4356ac918da1bb32c603) Importer(815301076,1909f56bfc062723c751e8b465ee728b)
Start importing Assets/TextMesh Pro/Examples & Extras/Prefabs/Text Popup.prefab using Guid(b06f0e6c1dfa4356ac918da1bb32c603) Importer(815301076,1909f56bfc062723c751e8b465ee728b)  -> (artifact id: 'ecfdf6d3f05684bd0581a554a57d1d5e') in 0.035343 seconds
Number of updated asset objects reloaded before import = 0
Number of asset objects unloaded after import = 21
========================================================================
Received Import Request.
  Time since last request: 0.000022 seconds.
  path: Assets/Modern UI Pack/Prefabs/Spinner/Spinner - Radial Run.prefab
  artifactKey: Guid(3cf075bc2055d8142abf73b67b9862b5) Importer(815301076,1909f56bfc062723c751e8b465ee728b)
Start importing Assets/Modern UI Pack/Prefabs/Spinner/Spinner - Radial Run.prefab using Guid(3cf075bc2055d8142abf73b67b9862b5) Importer(815301076,1909f56bfc062723c751e8b465ee728b)  -> (artifact id: '12763226e7bc07ff515e59ad51103b7b') in 0.071561 seconds
Number of updated asset objects reloaded before import = 0
Number of asset objects unloaded after import = 47
========================================================================
Received Import Request.
  Time since last request: 0.000029 seconds.
  path: Assets/XRI_Examples/UI_2D/Prefabs/MainMenu/SpatialPanelBase.prefab
  artifactKey: Guid(3aa8ee2a47661f1468bab41079948717) Importer(815301076,1909f56bfc062723c751e8b465ee728b)
Start importing Assets/XRI_Examples/UI_2D/Prefabs/MainMenu/SpatialPanelBase.prefab using Guid(3aa8ee2a47661f1468bab41079948717) Importer(815301076,1909f56bfc062723c751e8b465ee728b)  -> (artifact id: '0207ce2f641f0641b838fb0ed1b616c0') in 0.011598 seconds
Number of updated asset objects reloaded before import = 0
Number of asset objects unloaded after import = 30
========================================================================
Received Import Request.
  Time since last request: 0.000013 seconds.
  path: Assets/Cybernetic Walrus/Factory Interior/Prefabs/Wall_02_10m_Prefab_01.prefab
  artifactKey: Guid(3523257d25258b545861ef5d8edbb59d) Importer(815301076,1909f56bfc062723c751e8b465ee728b)
Start importing Assets/Cybernetic Walrus/Factory Interior/Prefabs/Wall_02_10m_Prefab_01.prefab using Guid(3523257d25258b545861ef5d8edbb59d) Importer(815301076,1909f56bfc062723c751e8b465ee728b)  -> (artifact id: '95c9b703981222f0cebf45fd161676ec') in 0.363505 seconds
Number of updated asset objects reloaded before import = 0
Number of asset objects unloaded after import = 13
========================================================================
Received Import Request.
  Time since last request: 0.000063 seconds.
  path: Assets/Cybernetic Walrus/Factory Interior/Prefabs/Wall_01_Door_Large_01_Prefab_01.prefab
  artifactKey: Guid(18acfac8d9ce7164d8d6ca2f4e05f5cf) Importer(815301076,1909f56bfc062723c751e8b465ee728b)
Start importing Assets/Cybernetic Walrus/Factory Interior/Prefabs/Wall_01_Door_Large_01_Prefab_01.prefab using Guid(18acfac8d9ce7164d8d6ca2f4e05f5cf) Importer(815301076,1909f56bfc062723c751e8b465ee728b)  -> (artifact id: '610fc441a1c17fc31ef1e00bc8030cbf') in 0.174490 seconds
Number of updated asset objects reloaded before import = 0
Number of asset objects unloaded after import = 14
========================================================================
Received Import Request.
  Time since last request: 0.000163 seconds.
  path: Assets/XRI_Examples/Props/Prefabs/TargetRing.prefab
  artifactKey: Guid(06b4ece1c4423ab479d9282189c023c7) Importer(815301076,1909f56bfc062723c751e8b465ee728b)
Start importing Assets/XRI_Examples/Props/Prefabs/TargetRing.prefab using Guid(06b4ece1c4423ab479d9282189c023c7) Importer(815301076,1909f56bfc062723c751e8b465ee728b)  -> (artifact id: 'd31d72fa69bd7fe3244fa69139776fe3') in 0.058790 seconds
Internal: There are remaining Allocations on the JobTempAlloc. This is a leak, and will impact performance
To Debug, run app with -diag-job-temp-memory-leak-validation cmd line argument. This will output the callstacks of the leaked allocations.
Number of updated asset objects reloaded before import = 0
Number of asset objects unloaded after import = 103
========================================================================
Received Import Request.
  Time since last request: 0.000046 seconds.
  path: Assets/SpillageAndCautionSign/Assets/Prefabs/SpillageType2.prefab
  artifactKey: Guid(ae167953d2cd3cb48b256ac5d1589335) Importer(815301076,1909f56bfc062723c751e8b465ee728b)
Start importing Assets/SpillageAndCautionSign/Assets/Prefabs/SpillageType2.prefab using Guid(ae167953d2cd3cb48b256ac5d1589335) Importer(815301076,1909f56bfc062723c751e8b465ee728b)  -> (artifact id: 'c3ace076cb481f52e72e0d798aeadffa') in 0.260825 seconds
Internal: There are remaining Allocations on the JobTempAlloc. This is a leak, and will impact performance
To Debug, run app with -diag-job-temp-memory-leak-validation cmd line argument. This will output the callstacks of the leaked allocations.
Number of updated asset objects reloaded before import = 0
Number of asset objects unloaded after import = 11
========================================================================
Received Import Request.
  Time since last request: 0.000023 seconds.
  path: Assets/XRI_Examples/UI_3D/Prefabs/ClawMachine/SheepPrize_White.prefab
  artifactKey: Guid(2bbd4dcdbff2ce642bce7ee5666e2542) Importer(815301076,1909f56bfc062723c751e8b465ee728b)
Start importing Assets/XRI_Examples/UI_3D/Prefabs/ClawMachine/SheepPrize_White.prefab using Guid(2bbd4dcdbff2ce642bce7ee5666e2542) Importer(815301076,1909f56bfc062723c751e8b465ee728b)  -> (artifact id: 'd76bfd458cade07ea33c78c2b6ea257d') in 0.143691 seconds
Internal: There are remaining Allocations on the JobTempAlloc. This is a leak, and will impact performance
To Debug, run app with -diag-job-temp-memory-leak-validation cmd line argument. This will output the callstacks of the leaked allocations.
Number of updated asset objects reloaded before import = 0
Number of asset objects unloaded after import = 46
========================================================================
Received Import Request.
  Time since last request: 0.000045 seconds.
  path: Assets/IGBlocks/IG_Warehouse/Prefabs/Warehouseparts/WareBig_Floor.prefab
  artifactKey: Guid(fa9238a2eb213a94eb7a783c7e370e43) Importer(815301076,1909f56bfc062723c751e8b465ee728b)
Start importing Assets/IGBlocks/IG_Warehouse/Prefabs/Warehouseparts/WareBig_Floor.prefab using Guid(fa9238a2eb213a94eb7a783c7e370e43) Importer(815301076,1909f56bfc062723c751e8b465ee728b)  -> (artifact id: 'f1a96b51a3b9ce28d052ab456cf5dc68') in 0.023932 seconds
Internal: There are remaining Allocations on the JobTempAlloc. This is a leak, and will impact performance
To Debug, run app with -diag-job-temp-memory-leak-validation cmd line argument. This will output the callstacks of the leaked allocations.
Number of updated asset objects reloaded before import = 0
Number of asset objects unloaded after import = 10
========================================================================
Received Import Request.
  Time since last request: 0.000022 seconds.
  path: Assets/Modern UI Pack/Prefabs/Button/Basic - With Icon/Standard.prefab
  artifactKey: Guid(3868d0561c2f1504c94e7c6b90646000) Importer(815301076,1909f56bfc062723c751e8b465ee728b)
Start importing Assets/Modern UI Pack/Prefabs/Button/Basic - With Icon/Standard.prefab using Guid(3868d0561c2f1504c94e7c6b90646000) Importer(815301076,1909f56bfc062723c751e8b465ee728b)  -> (artifact id: '7f8e3321e074e317f17c7ac9847f3571') in 0.052860 seconds
Internal: There are remaining Allocations on the JobTempAlloc. This is a leak, and will impact performance
To Debug, run app with -diag-job-temp-memory-leak-validation cmd line argument. This will output the callstacks of the leaked allocations.
Number of updated asset objects reloaded before import = 0
Number of asset objects unloaded after import = 57
========================================================================
Received Import Request.
  Time since last request: 0.000029 seconds.
  path: Assets/Modern UI Pack/Prefabs/Button/Basic - Only Icon/Red.prefab
  artifactKey: Guid(25b31f93434b85e4287b3db966ad6dab) Importer(815301076,1909f56bfc062723c751e8b465ee728b)
Start importing Assets/Modern UI Pack/Prefabs/Button/Basic - Only Icon/Red.prefab using Guid(25b31f93434b85e4287b3db966ad6dab) Importer(815301076,1909f56bfc062723c751e8b465ee728b)  -> (artifact id: '4ce11175dee0823613ab98b80ac1cbdf') in 0.005666 seconds
Internal: There are remaining Allocations on the JobTempAlloc. This is a leak, and will impact performance
To Debug, run app with -diag-job-temp-memory-leak-validation cmd line argument. This will output the callstacks of the leaked allocations.
Number of updated asset objects reloaded before import = 0
Number of asset objects unloaded after import = 21
========================================================================
Received Import Request.
  Time since last request: 0.000041 seconds.
  path: Assets/XRI_Examples/SocketInteractors/Prefabs/SimpleSocketShape.prefab
  artifactKey: Guid(d81193b4b57486b46b4762e8b26d2de8) Importer(815301076,1909f56bfc062723c751e8b465ee728b)
Start importing Assets/XRI_Examples/SocketInteractors/Prefabs/SimpleSocketShape.prefab using Guid(d81193b4b57486b46b4762e8b26d2de8) Importer(815301076,1909f56bfc062723c751e8b465ee728b)  -> (artifact id: '7213bf63f6fbaf023e1eea1a14010ce7') in 0.015088 seconds
Internal: There are remaining Allocations on the JobTempAlloc. This is a leak, and will impact performance
To Debug, run app with -diag-job-temp-memory-leak-validation cmd line argument. This will output the callstacks of the leaked allocations.
Number of updated asset objects reloaded before import = 0
Number of asset objects unloaded after import = 38
========================================================================
Received Import Request.
  Time since last request: 0.000035 seconds.
  path: Packages/com.unity.ugui/Editor/UnityEditor.UI.asmdef
  artifactKey: Guid(343deaaf83e0cee4ca978e7df0b80d21) Importer(815301076,1909f56bfc062723c751e8b465ee728b)
Start importing Packages/com.unity.ugui/Editor/UnityEditor.UI.asmdef using Guid(343deaaf83e0cee4ca978e7df0b80d21) Importer(815301076,1909f56bfc062723c751e8b465ee728b)  -> (artifact id: '10df6c2123b8ba7144f3f108e56147c5') in 0.001064 seconds
Internal: There are remaining Allocations on the JobTempAlloc. This is a leak, and will impact performance
To Debug, run app with -diag-job-temp-memory-leak-validation cmd line argument. This will output the callstacks of the leaked allocations.
Number of updated asset objects reloaded before import = 0
Number of asset objects unloaded after import = 0
========================================================================
Received Import Request.
  Time since last request: 0.000023 seconds.
  path: Assets/Modern UI Pack/Prefabs/Toggle/Toggle - Standard.prefab
  artifactKey: Guid(71766f1bef30953409612c3803df740a) Importer(815301076,1909f56bfc062723c751e8b465ee728b)
Start importing Assets/Modern UI Pack/Prefabs/Toggle/Toggle - Standard.prefab using Guid(71766f1bef30953409612c3803df740a) Importer(815301076,1909f56bfc062723c751e8b465ee728b)  -> (artifact id: '87c33ba438e342c290a6ebaf0684e45d') in 0.051696 seconds
Internal: There are remaining Allocations on the JobTempAlloc. This is a leak, and will impact performance
To Debug, run app with -diag-job-temp-memory-leak-validation cmd line argument. This will output the callstacks of the leaked allocations.
Number of updated asset objects reloaded before import = 0
Number of asset objects unloaded after import = 64
========================================================================
Received Import Request.
  Time since last request: 0.000021 seconds.
  path: Assets/Modern UI Pack/Prefabs/Button/Basic - Outline/Standard.prefab
  artifactKey: Guid(9a60df9613db369469bef8dd75f3f75e) Importer(815301076,1909f56bfc062723c751e8b465ee728b)
Start importing Assets/Modern UI Pack/Prefabs/Button/Basic - Outline/Standard.prefab using Guid(9a60df9613db369469bef8dd75f3f75e) Importer(815301076,1909f56bfc062723c751e8b465ee728b)  -> (artifact id: '7ee3108858ff3979d0c481d1fd96d18f') in 0.055734 seconds
Internal: There are remaining Allocations on the JobTempAlloc. This is a leak, and will impact performance
To Debug, run app with -diag-job-temp-memory-leak-validation cmd line argument. This will output the callstacks of the leaked allocations.
Number of updated asset objects reloaded before import = 0
Number of asset objects unloaded after import = 72
========================================================================
Received Import Request.
  Time since last request: 0.000034 seconds.
  path: Assets/Cybernetic Walrus/Factory Interior/Prefabs/Wall_01_10m_Prefab_01.prefab
  artifactKey: Guid(215a6d2e6fa9d114aa1429de9360a06c) Importer(815301076,1909f56bfc062723c751e8b465ee728b)
Start importing Assets/Cybernetic Walrus/Factory Interior/Prefabs/Wall_01_10m_Prefab_01.prefab using Guid(215a6d2e6fa9d114aa1429de9360a06c) Importer(815301076,1909f56bfc062723c751e8b465ee728b)  -> (artifact id: '51040e53042f9515bb1949fb97336dd9') in 0.167533 seconds
Internal: There are remaining Allocations on the JobTempAlloc. This is a leak, and will impact performance
To Debug, run app with -diag-job-temp-memory-leak-validation cmd line argument. This will output the callstacks of the leaked allocations.
Number of updated asset objects reloaded before import = 0
Number of asset objects unloaded after import = 13
========================================================================
Received Import Request.
  Time since last request: 0.000067 seconds.
  path: Assets/Modern UI Pack/Prefabs/Toggle/Toggle - Standard (Regular).prefab
  artifactKey: Guid(5fc34351c13648344b45790d063ab06c) Importer(815301076,1909f56bfc062723c751e8b465ee728b)
Start importing Assets/Modern UI Pack/Prefabs/Toggle/Toggle - Standard (Regular).prefab using Guid(5fc34351c13648344b45790d063ab06c) Importer(815301076,1909f56bfc062723c751e8b465ee728b)  -> (artifact id: '92898cddfe952bec71902f6b0a0c7ca7') in 0.058457 seconds
Internal: There are remaining Allocations on the JobTempAlloc. This is a leak, and will impact performance
To Debug, run app with -diag-job-temp-memory-leak-validation cmd line argument. This will output the callstacks of the leaked allocations.
Number of updated asset objects reloaded before import = 0
Number of asset objects unloaded after import = 64
========================================================================
Received Import Request.
  Time since last request: 0.000023 seconds.
  path: Assets/Modern UI Pack/Prefabs/Button/Rounded/Purple.prefab
  artifactKey: Guid(ae3d5e11a2280b04ba650092be08748a) Importer(815301076,1909f56bfc062723c751e8b465ee728b)
Start importing Assets/Modern UI Pack/Prefabs/Button/Rounded/Purple.prefab using Guid(ae3d5e11a2280b04ba650092be08748a) Importer(815301076,1909f56bfc062723c751e8b465ee728b)  -> (artifact id: '5a22b369bb5931b20936d248aeedc16c') in 0.043643 seconds
Internal: There are remaining Allocations on the JobTempAlloc. This is a leak, and will impact performance
To Debug, run app with -diag-job-temp-memory-leak-validation cmd line argument. This will output the callstacks of the leaked allocations.
Number of updated asset objects reloaded before import = 0
Number of asset objects unloaded after import = 38
========================================================================
Received Import Request.
  Time since last request: 0.000047 seconds.
  path: Assets/XRI_Examples/UI_3D/Prefabs/PushButton.prefab
  artifactKey: Guid(da3b468b35b58334693dfcd04f6e06a7) Importer(815301076,1909f56bfc062723c751e8b465ee728b)
Start importing Assets/XRI_Examples/UI_3D/Prefabs/PushButton.prefab using Guid(da3b468b35b58334693dfcd04f6e06a7) Importer(815301076,1909f56bfc062723c751e8b465ee728b)  -> (artifact id: '096bb03d478ce455a89f481dd9e6ec60') in 0.032106 seconds
Internal: There are remaining Allocations on the JobTempAlloc. This is a leak, and will impact performance
To Debug, run app with -diag-job-temp-memory-leak-validation cmd line argument. This will output the callstacks of the leaked allocations.
Number of updated asset objects reloaded before import = 0
Number of asset objects unloaded after import = 35
========================================================================
Received Import Request.
  Time since last request: 0.000036 seconds.
  path: Assets/Cybernetic Walrus/Factory Interior/Prefabs/Wall_Divider_01_5m_Prefab_01.prefab
  artifactKey: Guid(2c798e8185ac0474e829cdcea8c655f8) Importer(815301076,1909f56bfc062723c751e8b465ee728b)
Start importing Assets/Cybernetic Walrus/Factory Interior/Prefabs/Wall_Divider_01_5m_Prefab_01.prefab using Guid(2c798e8185ac0474e829cdcea8c655f8) Importer(815301076,1909f56bfc062723c751e8b465ee728b)  -> (artifact id: '4b5c97a6faa7899315cfbac85bf0123b') in 0.097495 seconds
Internal: There are remaining Allocations on the JobTempAlloc. This is a leak, and will impact performance
To Debug, run app with -diag-job-temp-memory-leak-validation cmd line argument. This will output the callstacks of the leaked allocations.
Number of updated asset objects reloaded before import = 0
Number of asset objects unloaded after import = 22
========================================================================
Received Import Request.
  Time since last request: 0.000045 seconds.
  path: Assets/Modern UI Pack/Editor/Icons/UIS Top Header.png
  artifactKey: Guid(754aa211dd517f6409ab57b332b37b18) Importer(815301076,1909f56bfc062723c751e8b465ee728b)
Start importing Assets/Modern UI Pack/Editor/Icons/UIS Top Header.png using Guid(754aa211dd517f6409ab57b332b37b18) Importer(815301076,1909f56bfc062723c751e8b465ee728b)  -> (artifact id: 'a773229f0200a714bd69442a04ee7758') in 0.024060 seconds
Internal: There are remaining Allocations on the JobTempAlloc. This is a leak, and will impact performance
To Debug, run app with -diag-job-temp-memory-leak-validation cmd line argument. This will output the callstacks of the leaked allocations.
Number of updated asset objects reloaded before import = 0
Number of asset objects unloaded after import = 2
========================================================================
Received Import Request.
  Time since last request: 0.000059 seconds.
  path: Assets/XRI_Examples/VRWalkthrough/Textures/Icon/WaypointAdd_TUI.png
  artifactKey: Guid(c1eee881866afef4287d103a720d856c) Importer(815301076,1909f56bfc062723c751e8b465ee728b)
Start importing Assets/XRI_Examples/VRWalkthrough/Textures/Icon/WaypointAdd_TUI.png using Guid(c1eee881866afef4287d103a720d856c) Importer(815301076,1909f56bfc062723c751e8b465ee728b)  -> (artifact id: '05c7e3095728c828722dc5b9557ab0c2') in 0.020665 seconds
Internal: There are remaining Allocations on the JobTempAlloc. This is a leak, and will impact performance
To Debug, run app with -diag-job-temp-memory-leak-validation cmd line argument. This will output the callstacks of the leaked allocations.
Number of updated asset objects reloaded before import = 0
Number of asset objects unloaded after import = 2
========================================================================
Received Import Request.
  Time since last request: 0.000046 seconds.
  path: Assets/Cybernetic Walrus/Factory Interior/Prefabs/Wall_Frame_01_Prefab_01.prefab
  artifactKey: Guid(495ad3e16c44152428474279a474fe55) Importer(815301076,1909f56bfc062723c751e8b465ee728b)
Start importing Assets/Cybernetic Walrus/Factory Interior/Prefabs/Wall_Frame_01_Prefab_01.prefab using Guid(495ad3e16c44152428474279a474fe55) Importer(815301076,1909f56bfc062723c751e8b465ee728b)  -> (artifact id: '7733694f81de960c8606db65b8ddae88') in 0.280362 seconds
Internal: JobTempAlloc has allocations that are more than the maximum lifespan of 4 frames old - this is not allowed and likely a leak
To Debug, run app with -diag-job-temp-memory-leak-validation cmd line argument. This will output the callstacks of the leaked allocations.
Internal: There are remaining Allocations on the JobTempAlloc. This is a leak, and will impact performance
To Debug, run app with -diag-job-temp-memory-leak-validation cmd line argument. This will output the callstacks of the leaked allocations.
Number of updated asset objects reloaded before import = 0
Number of asset objects unloaded after import = 22
========================================================================
Received Import Request.
  Time since last request: 0.000030 seconds.
  path: Assets/XRI_Examples/UI_2D/Prefabs/Buttons/TextButton.prefab
  artifactKey: Guid(523fb0f2bb5e3aa438d6a146807c37e0) Importer(815301076,1909f56bfc062723c751e8b465ee728b)
Start importing Assets/XRI_Examples/UI_2D/Prefabs/Buttons/TextButton.prefab using Guid(523fb0f2bb5e3aa438d6a146807c37e0) Importer(815301076,1909f56bfc062723c751e8b465ee728b)  -> (artifact id: 'c22e1009b224e8271463db798c26838e') in 0.015170 seconds
Internal: There are remaining Allocations on the JobTempAlloc. This is a leak, and will impact performance
To Debug, run app with -diag-job-temp-memory-leak-validation cmd line argument. This will output the callstacks of the leaked allocations.
Number of updated asset objects reloaded before import = 0
Number of asset objects unloaded after import = 17
========================================================================
Received Import Request.
  Time since last request: 0.000057 seconds.
  path: Assets/XRI_Examples/Environment/Prefabs/Stairs.prefab
  artifactKey: Guid(5ddfdbcd785bea04a86352c7fa339105) Importer(815301076,1909f56bfc062723c751e8b465ee728b)
Start importing Assets/XRI_Examples/Environment/Prefabs/Stairs.prefab using Guid(5ddfdbcd785bea04a86352c7fa339105) Importer(815301076,1909f56bfc062723c751e8b465ee728b)  -> (artifact id: '004b00cfe9521a091ea5f801e9bcb56b') in 0.025287 seconds
Internal: There are remaining Allocations on the JobTempAlloc. This is a leak, and will impact performance
To Debug, run app with -diag-job-temp-memory-leak-validation cmd line argument. This will output the callstacks of the leaked allocations.
Number of updated asset objects reloaded before import = 0
Number of asset objects unloaded after import = 12
========================================================================
Received Import Request.
  Time since last request: 0.000036 seconds.
  path: Assets/XRI_Examples/Global/Prefabs/TeleportReticle.prefab
  artifactKey: Guid(793b2aadc75f59f4aa96f7218341cde7) Importer(815301076,1909f56bfc062723c751e8b465ee728b)
Start importing Assets/XRI_Examples/Global/Prefabs/TeleportReticle.prefab using Guid(793b2aadc75f59f4aa96f7218341cde7) Importer(815301076,1909f56bfc062723c751e8b465ee728b)  -> (artifact id: '8338bc13a967a7db060a0bbec5e6b38d') in 0.018170 seconds
Internal: There are remaining Allocations on the JobTempAlloc. This is a leak, and will impact performance
To Debug, run app with -diag-job-temp-memory-leak-validation cmd line argument. This will output the callstacks of the leaked allocations.
Number of updated asset objects reloaded before import = 0
Number of asset objects unloaded after import = 16
========================================================================
Received Import Request.
  Time since last request: 0.000031 seconds.
  path: Assets/IGBlocks/IG_Warehouse/Prefabs/Warehouseparts/WareBig_Roof.prefab
  artifactKey: Guid(0e955e7be6173684c97a959579a977a1) Importer(815301076,1909f56bfc062723c751e8b465ee728b)
Start importing Assets/IGBlocks/IG_Warehouse/Prefabs/Warehouseparts/WareBig_Roof.prefab using Guid(0e955e7be6173684c97a959579a977a1) Importer(815301076,1909f56bfc062723c751e8b465ee728b)  -> (artifact id: 'b1b0b5707593171acb34b78edea4a8ab') in 0.066306 seconds
Internal: There are remaining Allocations on the JobTempAlloc. This is a leak, and will impact performance
To Debug, run app with -diag-job-temp-memory-leak-validation cmd line argument. This will output the callstacks of the leaked allocations.
Number of updated asset objects reloaded before import = 0
Number of asset objects unloaded after import = 38
========================================================================
Received Import Request.
  Time since last request: 0.000034 seconds.
  path: Assets/XRI_Examples/Props/Prefabs/StickStand.prefab
  artifactKey: Guid(e01373e490106ac46b76fba06110850e) Importer(815301076,1909f56bfc062723c751e8b465ee728b)
Start importing Assets/XRI_Examples/Props/Prefabs/StickStand.prefab using Guid(e01373e490106ac46b76fba06110850e) Importer(815301076,1909f56bfc062723c751e8b465ee728b)  -> (artifact id: 'fdbb4fc0f675f821bedb63e174921838') in 0.026570 seconds
Internal: There are remaining Allocations on the JobTempAlloc. This is a leak, and will impact performance
To Debug, run app with -diag-job-temp-memory-leak-validation cmd line argument. This will output the callstacks of the leaked allocations.
Number of updated asset objects reloaded before import = 0
Number of asset objects unloaded after import = 36
========================================================================
Received Import Request.
  Time since last request: 0.000031 seconds.
  path: Assets/XRI_Examples/VRWalkthrough/Textures/Icon/Waypoint_TUI.png
  artifactKey: Guid(2c733c9b1da66d946bcd5869d60a4b2c) Importer(815301076,1909f56bfc062723c751e8b465ee728b)
Start importing Assets/XRI_Examples/VRWalkthrough/Textures/Icon/Waypoint_TUI.png using Guid(2c733c9b1da66d946bcd5869d60a4b2c) Importer(815301076,1909f56bfc062723c751e8b465ee728b)  -> (artifact id: 'ff1a7cfd1258bf545b96c2f8439ba8cb') in 0.016719 seconds
Internal: There are remaining Allocations on the JobTempAlloc. This is a leak, and will impact performance
To Debug, run app with -diag-job-temp-memory-leak-validation cmd line argument. This will output the callstacks of the leaked allocations.
Number of updated asset objects reloaded before import = 0
Number of asset objects unloaded after import = 2
========================================================================
Received Import Request.
  Time since last request: 0.000034 seconds.
  path: Assets/Modern UI Pack/Prefabs/Toggle/Toggle - Standard (Bold).prefab
  artifactKey: Guid(4498e22a880a14c4fae5091f69805a0d) Importer(815301076,1909f56bfc062723c751e8b465ee728b)
Start importing Assets/Modern UI Pack/Prefabs/Toggle/Toggle - Standard (Bold).prefab using Guid(4498e22a880a14c4fae5091f69805a0d) Importer(815301076,1909f56bfc062723c751e8b465ee728b)  -> (artifact id: 'af8fcb01c40d45333d9c3ec097b8fe3b') in 0.068123 seconds
Internal: There are remaining Allocations on the JobTempAlloc. This is a leak, and will impact performance
To Debug, run app with -diag-job-temp-memory-leak-validation cmd line argument. This will output the callstacks of the leaked allocations.
Number of updated asset objects reloaded before import = 0
Number of asset objects unloaded after import = 64
========================================================================
Received Import Request.
  Time since last request: 0.000046 seconds.
  path: Assets/Modern UI Pack/Prefabs/Button/Basic - Outline With Icon/Standard.prefab
  artifactKey: Guid(eb743563919171a4587d60b1da95bf23) Importer(815301076,1909f56bfc062723c751e8b465ee728b)
Start importing Assets/Modern UI Pack/Prefabs/Button/Basic - Outline With Icon/Standard.prefab using Guid(eb743563919171a4587d60b1da95bf23) Importer(815301076,1909f56bfc062723c751e8b465ee728b)  -> (artifact id: 'a6883afcdd87c270ec716b381376c536') in 0.068148 seconds
Internal: There are remaining Allocations on the JobTempAlloc. This is a leak, and will impact performance
To Debug, run app with -diag-job-temp-memory-leak-validation cmd line argument. This will output the callstacks of the leaked allocations.
Number of updated asset objects reloaded before import = 0
Number of asset objects unloaded after import = 81
========================================================================
Received Import Request.
  Time since last request: 0.000064 seconds.
  path: Assets/Samples/XR Interaction Toolkit/2.3.1/Starter Assets/Prefabs/Teleport/Teleport Anchor.prefab
  artifactKey: Guid(fad94b617f0540568dbf4c9c4011248c) Importer(815301076,1909f56bfc062723c751e8b465ee728b)
Start importing Assets/Samples/XR Interaction Toolkit/2.3.1/Starter Assets/Prefabs/Teleport/Teleport Anchor.prefab using Guid(fad94b617f0540568dbf4c9c4011248c) Importer(815301076,1909f56bfc062723c751e8b465ee728b)  -> (artifact id: '3ad415c965c6c7a4aa24b647e7ace740') in 0.026315 seconds
Internal: There are remaining Allocations on the JobTempAlloc. This is a leak, and will impact performance
To Debug, run app with -diag-job-temp-memory-leak-validation cmd line argument. This will output the callstacks of the leaked allocations.
Number of updated asset objects reloaded before import = 0
Number of asset objects unloaded after import = 62
========================================================================
Received Import Request.
  Time since last request: 0.000044 seconds.
  path: Assets/IGBlocks/IG_Warehouse/Prefabs/Warehouseparts/WareBig_Walls.prefab
  artifactKey: Guid(65f0cfcf009829848959624170bdaeef) Importer(815301076,1909f56bfc062723c751e8b465ee728b)
Start importing Assets/IGBlocks/IG_Warehouse/Prefabs/Warehouseparts/WareBig_Walls.prefab using Guid(65f0cfcf009829848959624170bdaeef) Importer(815301076,1909f56bfc062723c751e8b465ee728b)  -> (artifact id: '5ff036f58bd18a02544340b235ed57ce') in 0.069797 seconds
Internal: There are remaining Allocations on the JobTempAlloc. This is a leak, and will impact performance
To Debug, run app with -diag-job-temp-memory-leak-validation cmd line argument. This will output the callstacks of the leaked allocations.
Number of updated asset objects reloaded before import = 0
Number of asset objects unloaded after import = 32
========================================================================
Received Import Request.
  Time since last request: 0.000039 seconds.
  path: Assets/SpillageAndCautionSign/Assets/Prefabs/SpillageType3 .prefab
  artifactKey: Guid(8dbb7c68074351241811bca05d75a5cf) Importer(815301076,1909f56bfc062723c751e8b465ee728b)
Start importing Assets/SpillageAndCautionSign/Assets/Prefabs/SpillageType3 .prefab using Guid(8dbb7c68074351241811bca05d75a5cf) Importer(815301076,1909f56bfc062723c751e8b465ee728b)  -> (artifact id: '2979ad026d24f7186817a22b5baf38b5') in 0.120327 seconds
Internal: There are remaining Allocations on the JobTempAlloc. This is a leak, and will impact performance
To Debug, run app with -diag-job-temp-memory-leak-validation cmd line argument. This will output the callstacks of the leaked allocations.
Number of updated asset objects reloaded before import = 0
Number of asset objects unloaded after import = 11
========================================================================
Received Import Request.
  Time since last request: 0.000040 seconds.
  path: Assets/Samples/XR Interaction Toolkit/2.3.1/Starter Assets/Prefabs/Teleport/Teleport Area.prefab
  artifactKey: Guid(beb4e2871579447497fe41dfb108e2cd) Importer(815301076,1909f56bfc062723c751e8b465ee728b)
Start importing Assets/Samples/XR Interaction Toolkit/2.3.1/Starter Assets/Prefabs/Teleport/Teleport Area.prefab using Guid(beb4e2871579447497fe41dfb108e2cd) Importer(815301076,1909f56bfc062723c751e8b465ee728b)  -> (artifact id: '6a527e4d1a59af1a0ca223f3be932727') in 0.015712 seconds
Internal: There are remaining Allocations on the JobTempAlloc. This is a leak, and will impact performance
To Debug, run app with -diag-job-temp-memory-leak-validation cmd line argument. This will output the callstacks of the leaked allocations.
Number of updated asset objects reloaded before import = 0
Number of asset objects unloaded after import = 61
========================================================================
Received Import Request.
  Time since last request: 0.000056 seconds.
  path: Assets/Modern UI Pack/Prefabs/Demo/Sway Element.prefab
  artifactKey: Guid(095a9e4172aacde418b21a7fc118ad79) Importer(815301076,1909f56bfc062723c751e8b465ee728b)
Start importing Assets/Modern UI Pack/Prefabs/Demo/Sway Element.prefab using Guid(095a9e4172aacde418b21a7fc118ad79) Importer(815301076,1909f56bfc062723c751e8b465ee728b)  -> (artifact id: '16f5c627acf0840583adfc94e2c1bb18') in 0.051929 seconds
Internal: There are remaining Allocations on the JobTempAlloc. This is a leak, and will impact performance
To Debug, run app with -diag-job-temp-memory-leak-validation cmd line argument. This will output the callstacks of the leaked allocations.
Number of updated asset objects reloaded before import = 0
Number of asset objects unloaded after import = 68
========================================================================
Received Import Request.
  Time since last request: 0.000026 seconds.
  path: Assets/Samples/XR Interaction Toolkit/2.3.1/Starter Assets/Prefabs/XR Origin Pieces/Ray Interactor.prefab
  artifactKey: Guid(ad818c36731146e994540a1896ad8f24) Importer(815301076,1909f56bfc062723c751e8b465ee728b)
Start importing Assets/Samples/XR Interaction Toolkit/2.3.1/Starter Assets/Prefabs/XR Origin Pieces/Ray Interactor.prefab using Guid(ad818c36731146e994540a1896ad8f24) Importer(815301076,1909f56bfc062723c751e8b465ee728b)  -> (artifact id: 'be85b1f9e9414b1def115df5832a8431') in 0.020144 seconds
Internal: There are remaining Allocations on the JobTempAlloc. This is a leak, and will impact performance
To Debug, run app with -diag-job-temp-memory-leak-validation cmd line argument. This will output the callstacks of the leaked allocations.
Number of updated asset objects reloaded before import = 0
Number of asset objects unloaded after import = 8
========================================================================
Received Import Request.
  Time since last request: 0.000033 seconds.
  path: Assets/UnityTechnologies/ParticlePack/EffectExamples/Fire & Explosion Effects/Prefabs/SmallExplosion.prefab
  artifactKey: Guid(64891a0eb28db934898420d80ca07cb3) Importer(815301076,1909f56bfc062723c751e8b465ee728b)
Start importing Assets/UnityTechnologies/ParticlePack/EffectExamples/Fire & Explosion Effects/Prefabs/SmallExplosion.prefab using Guid(64891a0eb28db934898420d80ca07cb3) Importer(815301076,1909f56bfc062723c751e8b465ee728b)  -> (artifact id: '54515803822d82fc1f1a470eaad966e4') in 0.232249 seconds
Internal: There are remaining Allocations on the JobTempAlloc. This is a leak, and will impact performance
To Debug, run app with -diag-job-temp-memory-leak-validation cmd line argument. This will output the callstacks of the leaked allocations.
Number of updated asset objects reloaded before import = 0
Number of asset objects unloaded after import = 29
========================================================================
Received Import Request.
  Time since last request: 0.000029 seconds.
  path: Assets/IGBlocks/IG_Warehouse/Prefabs/Warehouseparts/WareBig_Column2.prefab
  artifactKey: Guid(b9f0555ea073f3149a7fde6e04c812c7) Importer(815301076,1909f56bfc062723c751e8b465ee728b)
Start importing Assets/IGBlocks/IG_Warehouse/Prefabs/Warehouseparts/WareBig_Column2.prefab using Guid(b9f0555ea073f3149a7fde6e04c812c7) Importer(815301076,1909f56bfc062723c751e8b465ee728b)  -> (artifact id: '8e58d2bbc368f3a9998d01f90d2d1f29') in 0.018146 seconds
Internal: There are remaining Allocations on the JobTempAlloc. This is a leak, and will impact performance
To Debug, run app with -diag-job-temp-memory-leak-validation cmd line argument. This will output the callstacks of the leaked allocations.
Number of updated asset objects reloaded before import = 0
Number of asset objects unloaded after import = 10
========================================================================
Received Import Request.
  Time since last request: 0.000031 seconds.
  path: Assets/Modern UI Pack/Prefabs/Button/Rounded/Red.prefab
  artifactKey: Guid(ba237f0b98bfe07488da1cdd8a9716bf) Importer(815301076,1909f56bfc062723c751e8b465ee728b)
Start importing Assets/Modern UI Pack/Prefabs/Button/Rounded/Red.prefab using Guid(ba237f0b98bfe07488da1cdd8a9716bf) Importer(815301076,1909f56bfc062723c751e8b465ee728b)  -> (artifact id: 'e1053f51faed8cce12d157e43c4e1016') in 0.031968 seconds
Internal: There are remaining Allocations on the JobTempAlloc. This is a leak, and will impact performance
To Debug, run app with -diag-job-temp-memory-leak-validation cmd line argument. This will output the callstacks of the leaked allocations.
Number of updated asset objects reloaded before import = 0
Number of asset objects unloaded after import = 38
========================================================================
Received Import Request.
  Time since last request: 0.000046 seconds.
  path: Assets/Modern UI Pack/Prefabs/Slider/Radial/Slider - Radial.prefab
  artifactKey: Guid(96b74d6b7b29fe147a592529be73aa73) Importer(815301076,1909f56bfc062723c751e8b465ee728b)
Start importing Assets/Modern UI Pack/Prefabs/Slider/Radial/Slider - Radial.prefab using Guid(96b74d6b7b29fe147a592529be73aa73) Importer(815301076,1909f56bfc062723c751e8b465ee728b)  -> (artifact id: '293b7e1ebf7b2e814ac2673a8d208e13') in 0.065238 seconds
Internal: There are remaining Allocations on the JobTempAlloc. This is a leak, and will impact performance
To Debug, run app with -diag-job-temp-memory-leak-validation cmd line argument. This will output the callstacks of the leaked allocations.
Number of updated asset objects reloaded before import = 0
Number of asset objects unloaded after import = 59
========================================================================
Received Import Request.
  Time since last request: 0.000048 seconds.
  path: Assets/Modern UI Pack/Prefabs/Spinner/Spinner - Standard Run.prefab
  artifactKey: Guid(b54f9e57a28795c4487c6451eca17c7d) Importer(815301076,1909f56bfc062723c751e8b465ee728b)
Start importing Assets/Modern UI Pack/Prefabs/Spinner/Spinner - Standard Run.prefab using Guid(b54f9e57a28795c4487c6451eca17c7d) Importer(815301076,1909f56bfc062723c751e8b465ee728b)  -> (artifact id: '292d82251eb947a9d35027217529f8ae') in 0.052788 seconds
Internal: There are remaining Allocations on the JobTempAlloc. This is a leak, and will impact performance
To Debug, run app with -diag-job-temp-memory-leak-validation cmd line argument. This will output the callstacks of the leaked allocations.
Number of updated asset objects reloaded before import = 0
Number of asset objects unloaded after import = 51
========================================================================
Received Import Request.
  Time since last request: 0.000031 seconds.
  path: Assets/Modern UI Pack/Prefabs/Spinner/Spinner - Radial Pie.prefab
  artifactKey: Guid(8c2e629ac6deda844a25d8051cac8c5e) Importer(815301076,1909f56bfc062723c751e8b465ee728b)
Start importing Assets/Modern UI Pack/Prefabs/Spinner/Spinner - Radial Pie.prefab using Guid(8c2e629ac6deda844a25d8051cac8c5e) Importer(815301076,1909f56bfc062723c751e8b465ee728b)  -> (artifact id: '49360ae0326576020097a874bc93481c') in 0.054616 seconds
Internal: There are remaining Allocations on the JobTempAlloc. This is a leak, and will impact performance
To Debug, run app with -diag-job-temp-memory-leak-validation cmd line argument. This will output the callstacks of the leaked allocations.
Number of updated asset objects reloaded before import = 0
Number of asset objects unloaded after import = 47
========================================================================
Received Import Request.
  Time since last request: 0.000025 seconds.
  path: Assets/SpillageAndCautionSign/Assets/Prefabs/SpillageSignBoardType1.prefab
  artifactKey: Guid(4f21f2813e5cd4044a59159788006675) Importer(815301076,1909f56bfc062723c751e8b465ee728b)
Start importing Assets/SpillageAndCautionSign/Assets/Prefabs/SpillageSignBoardType1.prefab using Guid(4f21f2813e5cd4044a59159788006675) Importer(815301076,1909f56bfc062723c751e8b465ee728b)  -> (artifact id: '0b160faed831f0bd75cb1da150b7000e') in 0.146169 seconds
Internal: There are remaining Allocations on the JobTempAlloc. This is a leak, and will impact performance
To Debug, run app with -diag-job-temp-memory-leak-validation cmd line argument. This will output the callstacks of the leaked allocations.
Number of updated asset objects reloaded before import = 0
Number of asset objects unloaded after import = 24
========================================================================
Received Import Request.
  Time since last request: 0.000068 seconds.
  path: Assets/Modern UI Pack/Prefabs/Button/Radial - Outline Only Icon/Standard.prefab
  artifactKey: Guid(d6a10f6d3bc98ad40bae623fc0d9366c) Importer(815301076,1909f56bfc062723c751e8b465ee728b)
Start importing Assets/Modern UI Pack/Prefabs/Button/Radial - Outline Only Icon/Standard.prefab using Guid(d6a10f6d3bc98ad40bae623fc0d9366c) Importer(815301076,1909f56bfc062723c751e8b465ee728b)  -> (artifact id: 'b7f730d4235431e18691819602d9438d') in 0.060918 seconds
Internal: There are remaining Allocations on the JobTempAlloc. This is a leak, and will impact performance
To Debug, run app with -diag-job-temp-memory-leak-validation cmd line argument. This will output the callstacks of the leaked allocations.
Number of updated asset objects reloaded before import = 0
Number of asset objects unloaded after import = 72
========================================================================
Received Import Request.
  Time since last request: 0.000020 seconds.
  path: Assets/Modern UI Pack/Prefabs/Spinner/Spinner - Radial Trapez.prefab
  artifactKey: Guid(068b998f6ba513f4e8ce1f3a50ab16ee) Importer(815301076,1909f56bfc062723c751e8b465ee728b)
Start importing Assets/Modern UI Pack/Prefabs/Spinner/Spinner - Radial Trapez.prefab using Guid(068b998f6ba513f4e8ce1f3a50ab16ee) Importer(815301076,1909f56bfc062723c751e8b465ee728b)  -> (artifact id: '08d60e1ea45082c1ccb5594265da365c') in 0.060633 seconds
Internal: There are remaining Allocations on the JobTempAlloc. This is a leak, and will impact performance
To Debug, run app with -diag-job-temp-memory-leak-validation cmd line argument. This will output the callstacks of the leaked allocations.
Number of updated asset objects reloaded before import = 0
Number of asset objects unloaded after import = 47
========================================================================
Received Import Request.
  Time since last request: 0.000018 seconds.
  path: Assets/Modern UI Pack/Prefabs/Button/Basic - Outline Only Icon/Red.prefab
  artifactKey: Guid(df418c229e4c4dc4588f43005dbebc84) Importer(815301076,1909f56bfc062723c751e8b465ee728b)
Start importing Assets/Modern UI Pack/Prefabs/Button/Basic - Outline Only Icon/Red.prefab using Guid(df418c229e4c4dc4588f43005dbebc84) Importer(815301076,1909f56bfc062723c751e8b465ee728b)  -> (artifact id: '291f33d2bd7f7e0567d5ab01c6a167e9') in 0.004705 seconds
Internal: There are remaining Allocations on the JobTempAlloc. This is a leak, and will impact performance
To Debug, run app with -diag-job-temp-memory-leak-validation cmd line argument. This will output the callstacks of the leaked allocations.
Number of updated asset objects reloaded before import = 0
Number of asset objects unloaded after import = 41
========================================================================
Received Import Request.
  Time since last request: 0.000025 seconds.
  path: Assets/Modern UI Pack/Prefabs/Modal Window/Style 1.prefab
  artifactKey: Guid(bdb8f55c79de3ce429e354b19dc74938) Importer(815301076,1909f56bfc062723c751e8b465ee728b)
Start importing Assets/Modern UI Pack/Prefabs/Modal Window/Style 1.prefab using Guid(bdb8f55c79de3ce429e354b19dc74938) Importer(815301076,1909f56bfc062723c751e8b465ee728b)  -> (artifact id: '193a1b5b5538dbe0513b692127ceb909') in 0.061733 seconds
Internal: There are remaining Allocations on the JobTempAlloc. This is a leak, and will impact performance
To Debug, run app with -diag-job-temp-memory-leak-validation cmd line argument. This will output the callstacks of the leaked allocations.
Number of updated asset objects reloaded before import = 0
Number of asset objects unloaded after import = 173
========================================================================
Received Import Request.
  Time since last request: 0.000037 seconds.
  path: Assets/Samples/XR Interaction Toolkit/2.3.1/Starter Assets/Prefabs/UI Sample.prefab
  artifactKey: Guid(fd28f23af44f73f4a95e33435872ad15) Importer(815301076,1909f56bfc062723c751e8b465ee728b)
Start importing Assets/Samples/XR Interaction Toolkit/2.3.1/Starter Assets/Prefabs/UI Sample.prefab using Guid(fd28f23af44f73f4a95e33435872ad15) Importer(815301076,1909f56bfc062723c751e8b465ee728b)  -> (artifact id: '5094a12994d2dab562a9c841f02aa9f8') in 0.010168 seconds
Internal: There are remaining Allocations on the JobTempAlloc. This is a leak, and will impact performance
To Debug, run app with -diag-job-temp-memory-leak-validation cmd line argument. This will output the callstacks of the leaked allocations.
Number of updated asset objects reloaded before import = 0
Number of asset objects unloaded after import = 70
========================================================================
Received Import Request.
  Time since last request: 0.000041 seconds.
  path: Assets/IGBlocks/IG_Warehouse/Prefabs/Warehouseparts/WareBig_Column1.prefab
  artifactKey: Guid(3fcb130425ba65d4699a0b047ffed261) Importer(815301076,1909f56bfc062723c751e8b465ee728b)
Start importing Assets/IGBlocks/IG_Warehouse/Prefabs/Warehouseparts/WareBig_Column1.prefab using Guid(3fcb130425ba65d4699a0b047ffed261) Importer(815301076,1909f56bfc062723c751e8b465ee728b)  -> (artifact id: 'c6e33513d73c7c2a8c1c9e7c1386ff9f') in 0.014415 seconds
Internal: There are remaining Allocations on the JobTempAlloc. This is a leak, and will impact performance
To Debug, run app with -diag-job-temp-memory-leak-validation cmd line argument. This will output the callstacks of the leaked allocations.
Number of updated asset objects reloaded before import = 0
Number of asset objects unloaded after import = 10
========================================================================
Received Import Request.
  Time since last request: 0.000029 seconds.
  path: Assets/Cybernetic Walrus/Factory Interior/Prefabs/Wall_03_Door_Large_01_Prefab_01.prefab
  artifactKey: Guid(1cfd23389e5449140bd6d500397e103e) Importer(815301076,1909f56bfc062723c751e8b465ee728b)
Start importing Assets/Cybernetic Walrus/Factory Interior/Prefabs/Wall_03_Door_Large_01_Prefab_01.prefab using Guid(1cfd23389e5449140bd6d500397e103e) Importer(815301076,1909f56bfc062723c751e8b465ee728b)  -> (artifact id: '0eddff2dafa43ce1e197492111437328') in 0.167693 seconds
Internal: There are remaining Allocations on the JobTempAlloc. This is a leak, and will impact performance
To Debug, run app with -diag-job-temp-memory-leak-validation cmd line argument. This will output the callstacks of the leaked allocations.
Number of updated asset objects reloaded before import = 0
Number of asset objects unloaded after import = 14
========================================================================
Received Import Request.
  Time since last request: 0.000068 seconds.
  path: Assets/Cybernetic Walrus/Factory Interior/Prefabs/Wall_01_5m_Prefab_01.prefab
  artifactKey: Guid(16a510f2404be4742add808ba8c9b0d3) Importer(815301076,1909f56bfc062723c751e8b465ee728b)
Start importing Assets/Cybernetic Walrus/Factory Interior/Prefabs/Wall_01_5m_Prefab_01.prefab using Guid(16a510f2404be4742add808ba8c9b0d3) Importer(815301076,1909f56bfc062723c751e8b465ee728b)  -> (artifact id: '63b958cbb8c23649930099e0dd408f75') in 0.139750 seconds
Internal: There are remaining Allocations on the JobTempAlloc. This is a leak, and will impact performance
To Debug, run app with -diag-job-temp-memory-leak-validation cmd line argument. This will output the callstacks of the leaked allocations.
Number of updated asset objects reloaded before import = 0
Number of asset objects unloaded after import = 13
========================================================================
Received Import Request.
  Time since last request: 0.000029 seconds.
  path: Assets/Modern UI Pack/Prefabs/Animated Icon/Slider.prefab
  artifactKey: Guid(8312f800bd5b9d248a9e7f74ef3dea31) Importer(815301076,1909f56bfc062723c751e8b465ee728b)
Start importing Assets/Modern UI Pack/Prefabs/Animated Icon/Slider.prefab using Guid(8312f800bd5b9d248a9e7f74ef3dea31) Importer(815301076,1909f56bfc062723c751e8b465ee728b)  -> (artifact id: 'f7b7604019f439f2a6dbdb43763fd3bf') in 0.052513 seconds
Internal: There are remaining Allocations on the JobTempAlloc. This is a leak, and will impact performance
To Debug, run app with -diag-job-temp-memory-leak-validation cmd line argument. This will output the callstacks of the leaked allocations.
Number of updated asset objects reloaded before import = 0
Number of asset objects unloaded after import = 71
Editor requested this worker to shutdown with reason: Scaling down because of idle timeout
TcpMessagingSession - receive error: operation aborted. errorcode: 995, details: The I/O operation has been aborted because of either a thread exit or an application request.
AssetImportWorker is now disconnected from the server
Process exiting
Exiting without the bug reporter. Application will terminate with return code 0