Using pre-set license
Built from '2022.2/staging' branch; Version is '2022.2.15f1 (30d813e1a2a9) revision 3201043'; Using compiler version '192829333'; Build Type 'Release'
OS: 'Windows 10  (10.0.19045) 64bit Core' Language: 'en' Physical Memory: 15776 MB
BatchMode: 1, IsHumanControllingUs: 0, StartBugReporterOnCrash: 0, Is64bit: 1, IsPro: 1

COMMAND LINE ARGUMENTS:
C:\Program Files\Unity 2020.3.20f1\Editor\2022.2.15f1\Editor\Unity.exe
-adb2
-batchMode
-noUpm
-name
AssetImportWorker4
-projectPath
C:/Users/hodex/Desktop/School/SAP/warehouse-simulator
-logFile
Logs/AssetImportWorker4.log
-srvPort
52332
Successfully changed project path to: C:/Users/hodex/Desktop/School/SAP/warehouse-simulator
C:/Users/hodex/Desktop/School/SAP/warehouse-simulator
[UnityMemory] Configuration Parameters - Can be set up in boot.config
    "memorysetup-bucket-allocator-granularity=16"
    "memorysetup-bucket-allocator-bucket-count=8"
    "memorysetup-bucket-allocator-block-size=33554432"
    "memorysetup-bucket-allocator-block-count=8"
    "memorysetup-main-allocator-block-size=16777216"
    "memorysetup-thread-allocator-block-size=16777216"
    "memorysetup-gfx-main-allocator-block-size=16777216"
    "memorysetup-gfx-thread-allocator-block-size=16777216"
    "memorysetup-cache-allocator-block-size=4194304"
    "memorysetup-typetree-allocator-block-size=2097152"
    "memorysetup-profiler-bucket-allocator-granularity=16"
    "memorysetup-profiler-bucket-allocator-bucket-count=8"
    "memorysetup-profiler-bucket-allocator-block-size=33554432"
    "memorysetup-profiler-bucket-allocator-block-count=8"
    "memorysetup-profiler-allocator-block-size=16777216"
    "memorysetup-profiler-editor-allocator-block-size=1048576"
    "memorysetup-temp-allocator-size-main=16777216"
    "memorysetup-job-temp-allocator-block-size=2097152"
    "memorysetup-job-temp-allocator-block-size-background=1048576"
    "memorysetup-job-temp-allocator-reduction-small-platforms=262144"
    "memorysetup-temp-allocator-size-background-worker=32768"
    "memorysetup-temp-allocator-size-job-worker=262144"
    "memorysetup-temp-allocator-size-preload-manager=33554432"
    "memorysetup-temp-allocator-size-nav-mesh-worker=65536"
    "memorysetup-temp-allocator-size-audio-worker=65536"
    "memorysetup-temp-allocator-size-cloud-worker=32768"
    "memorysetup-temp-allocator-size-gi-baking-worker=262144"
    "memorysetup-temp-allocator-size-gfx=262144"
Player connection [22608] Host "[IP] 172.22.43.48 [Port] 0 [Flags] 2 [Guid] 4185334160 [EditorId] 4185334160 [Version] 1048832 [Id] WindowsEditor(7,Dexter-Laptop) [Debug] 1 [PackageName] WindowsEditor [ProjectName] Editor" joined multi-casting on [225.0.0.222:54997]...

Player connection [22608] Host "[IP] 172.22.43.48 [Port] 0 [Flags] 2 [Guid] 4185334160 [EditorId] 4185334160 [Version] 1048832 [Id] WindowsEditor(7,Dexter-Laptop) [Debug] 1 [PackageName] WindowsEditor [ProjectName] Editor" joined alternative multi-casting on [225.0.0.222:34997]...

Refreshing native plugins compatible for Editor in 37.68 ms, found 13 plugins.
Preloading 1 native plugins for Editor in 0.68 ms.
Initialize engine version: 2022.2.15f1 (30d813e1a2a9)
[Subsystems] Discovering subsystems at path C:/Program Files/Unity 2020.3.20f1/Editor/2022.2.15f1/Editor/Data/Resources/UnitySubsystems
[Subsystems] Discovering subsystems at path C:/Users/hodex/Desktop/School/SAP/warehouse-simulator/Assets
GfxDevice: creating device client; threaded=0; jobified=0
Direct3D:
    Version:  Direct3D 11.0 [level 11.1]
    Renderer: NVIDIA GeForce RTX 3070 Laptop GPU (ID=0x249d)
    Vendor:   NVIDIA
    VRAM:     8044 MB
    Driver:   30.0.15.1278
Initialize mono
Mono path[0] = 'C:/Program Files/Unity 2020.3.20f1/Editor/2022.2.15f1/Editor/Data/Managed'
Mono path[1] = 'C:/Program Files/Unity 2020.3.20f1/Editor/2022.2.15f1/Editor/Data/MonoBleedingEdge/lib/mono/unityjit-win32'
Mono config path = 'C:/Program Files/Unity 2020.3.20f1/Editor/2022.2.15f1/Editor/Data/MonoBleedingEdge/etc'
Using monoOptions --debugger-agent=transport=dt_socket,embedding=1,server=y,suspend=n,address=127.0.0.1:56244
Begin MonoManager ReloadAssembly
Registering precompiled unity dll's ...
Register platform support module: C:/Program Files/Unity 2020.3.20f1/Editor/2022.2.15f1/Editor/Data/PlaybackEngines/WebGLSupport/UnityEditor.WebGL.Extensions.dll
Register platform support module: C:/Program Files/Unity 2020.3.20f1/Editor/2022.2.15f1/Editor/Data/PlaybackEngines/AndroidPlayer/UnityEditor.Android.Extensions.dll
Register platform support module: C:/Program Files/Unity 2020.3.20f1/Editor/2022.2.15f1/Editor/Data/PlaybackEngines/WindowsStandaloneSupport/UnityEditor.WindowsStandalone.Extensions.dll
Register platform support module: C:/Program Files/Unity 2020.3.20f1/Editor/2022.2.15f1/Editor/Data/PlaybackEngines/MetroSupport/UnityEditor.UWP.Extensions.dll
Registered in 0.022037 seconds.
- Loaded All Assemblies, in  0.465 seconds
Native extension for UWP target not found
Native extension for WindowsStandalone target not found
Native extension for Android target not found
Android Extension - Scanning For ADB Devices 680 ms
Native extension for WebGL target not found
Mono: successfully reloaded assembly
- Finished resetting the current domain, in  1.046 seconds
Domain Reload Profiling:
	ReloadAssembly (272ms)
		BeginReloadAssembly (123ms)
			ExecutionOrderSort (0ms)
			DisableScriptedObjects (0ms)
			BackupInstance (0ms)
			ReleaseScriptingObjects (0ms)
			CreateAndSetChildDomain (1ms)
		LoadAllAssembliesAndSetupDomain (0ms)
			LoadAssemblies (119ms)
			RebuildTransferFunctionScriptingTraits (0ms)
			SetupTypeCache (176ms)
				TypeCache.Initialize (175ms)
					TypeCache.ScanAssembly (170ms)
				ResolveRequiredComponents (1ms)
		FinalizeReload (0ms)
			ReleaseScriptCaches (0ms)
			RebuildScriptCaches (0ms)
			SetupLoadedEditorAssemblies (963ms)
				LogAssemblyErrors (0ms)
				InitializePlatformSupportModulesInManaged (794ms)
				SetLoadedEditorAssemblies (4ms)
				RefreshPlugins (0ms)
				BeforeProcessingInitializeOnLoad (2ms)
				ProcessInitializeOnLoadAttributes (111ms)
				ProcessInitializeOnLoadMethodAttributes (53ms)
				AfterProcessingInitializeOnLoad (0ms)
				EditorAssembliesLoaded (0ms)
			ExecutionOrderSort2 (0ms)
			AwakeInstancesAfterBackupRestoration (0ms)
========================================================================
Worker process is ready to serve import requests
Begin MonoManager ReloadAssembly
Symbol file LoadedFromMemory doesn't match image C:\Users\hodex\Desktop\School\SAP\warehouse-simulator\Library\PackageCache\com.unity.visualscripting@1.8.0\Editor\VisualScripting.Core\Dependencies\YamlDotNet\Unity.VisualScripting.YamlDotNet.dll
Symbol file LoadedFromMemory doesn't match image C:\Users\hodex\Desktop\School\SAP\warehouse-simulator\Library\PackageCache\com.unity.visualscripting@1.8.0\Editor\VisualScripting.Core\Dependencies\DotNetZip\Unity.VisualScripting.IonicZip.dll
- Loaded All Assemblies, in  0.989 seconds
Refreshing native plugins compatible for Editor in 21.27 ms, found 13 plugins.
Native extension for UWP target not found
Native extension for WindowsStandalone target not found
Native extension for Android target not found
Native extension for WebGL target not found
Package Manager log level set to [2]
[Package Manager] Server::EnsureServerProcessIsRunning -- launch failed, reason: Unity was launched with the -noUpm command-line argument
[Package Manager] UpmClient::Send -- Unable to send message (not connected to UPM process).
[Package Manager] Cannot connect to Unity Package Manager local server
System.Reflection.TargetInvocationException: Exception has been thrown by the target of an invocation. ---> System.NullReferenceException: Object reference not set to an instance of an object
  at Unity.XR.Oculus.OculusLoader.AssetPathToAbsolutePath (System.String assetPath) [0x0003d] in .\Library\PackageCache\com.unity.xr.oculus@3.3.0\Runtime\OculusLoader.cs:282 
  at Unity.XR.Oculus.OculusLoader.EditorLoadOVRPlugin () [0x0007b] in .\Library\PackageCache\com.unity.xr.oculus@3.3.0\Runtime\OculusLoader.cs:267 
  at (wrapper managed-to-native) System.Reflection.RuntimeMethodInfo.InternalInvoke(System.Reflection.RuntimeMethodInfo,object,object[],System.Exception&)
  at System.Reflection.RuntimeMethodInfo.Invoke (System.Object obj, System.Reflection.BindingFlags invokeAttr, System.Reflection.Binder binder, System.Object[] parameters, System.Globalization.CultureInfo culture) [0x0006a] in <cbc72d4a9767498db39486e941a498e3>:0 
   --- End of inner exception stack trace ---
  at System.Reflection.RuntimeMethodInfo.Invoke (System.Object obj, System.Reflection.BindingFlags invokeAttr, System.Reflection.Binder binder, System.Object[] parameters, System.Globalization.CultureInfo culture) [0x00083] in <cbc72d4a9767498db39486e941a498e3>:0 
  at System.Reflection.MethodBase.Invoke (System.Object obj, System.Object[] parameters) [0x00000] in <cbc72d4a9767498db39486e941a498e3>:0 
  at UnityEditor.EditorAssemblies.ProcessInitializeOnLoadMethodAttributes () [0x000a5] in <a034809d7c214f51bd2d2d89aa481461>:0 
UnityEngine.StackTraceUtility:ExtractStackTrace ()
UnityEngine.DebugLogHandler:LogFormat (UnityEngine.LogType,UnityEngine.Object,string,object[])
UnityEngine.Logger:Log (UnityEngine.LogType,object)
UnityEngine.Debug:LogError (object)
UnityEditor.EditorAssemblies:ProcessInitializeOnLoadMethodAttributes ()

Mono: successfully reloaded assembly
[Package Manager] Server::EnsureServerProcessIsRunning -- launch failed, reason: Unity was launched with the -noUpm command-line argument
[Package Manager] UpmClient::Send -- Unable to send message (not connected to UPM process).
[Package Manager] Cannot connect to Unity Package Manager local server
[Package Manager] Server::EnsureServerProcessIsRunning -- launch failed, reason: Unity was launched with the -noUpm command-line argument
[Package Manager] UpmClient::Send -- Unable to send message (not connected to UPM process).
[Package Manager] Cannot connect to Unity Package Manager local server
- Finished resetting the current domain, in  1.050 seconds
Domain Reload Profiling:
	ReloadAssembly (236ms)
		BeginReloadAssembly (141ms)
			ExecutionOrderSort (0ms)
			DisableScriptedObjects (6ms)
			BackupInstance (0ms)
			ReleaseScriptingObjects (0ms)
			CreateAndSetChildDomain (23ms)
		LoadAllAssembliesAndSetupDomain (745ms)
			LoadAssemblies (391ms)
			RebuildTransferFunctionScriptingTraits (0ms)
			SetupTypeCache (411ms)
				TypeCache.Initialize (369ms)
					TypeCache.ScanAssembly (362ms)
				ResolveRequiredComponents (8ms)
		FinalizeReload (0ms)
			ReleaseScriptCaches (0ms)
			RebuildScriptCaches (0ms)
			SetupLoadedEditorAssemblies (833ms)
				LogAssemblyErrors (0ms)
				InitializePlatformSupportModulesInManaged (30ms)
				SetLoadedEditorAssemblies (4ms)
				RefreshPlugins (0ms)
				BeforeProcessingInitializeOnLoad (103ms)
				ProcessInitializeOnLoadAttributes (613ms)
				ProcessInitializeOnLoadMethodAttributes (69ms)
				AfterProcessingInitializeOnLoad (14ms)
				EditorAssembliesLoaded (0ms)
			ExecutionOrderSort2 (0ms)
			AwakeInstancesAfterBackupRestoration (7ms)
Launched and connected shader compiler UnityShaderCompiler.exe after 0.07 seconds
Refreshing native plugins compatible for Editor in 21.11 ms, found 13 plugins.
Preloading 1 native plugins for Editor in 0.10 ms.
Unloading 4746 Unused Serialized files (Serialized files now loaded: 0)
Unloading 83 unused Assets / (1.3 MB). Loaded Objects now: 5219.
Memory consumption went from 167.3 MB to 166.0 MB.
Total: 6.283300 ms (FindLiveObjects: 0.503800 ms CreateObjectMapping: 0.430800 ms MarkObjects: 4.918300 ms  DeleteObjects: 0.429100 ms)

AssetImportParameters requested are different than current active one (requested -> active):
  custom:container-demuxer-ogg: 62fdf1f143b41e24485cea50d1cbac27 -> 
  custom:video-codec-MediaFoundation-h265: e54d7ab0439102e2317fc1e4b246158d -> 
  custom:video-decoder-ogg-theora: a1e56fd34408186e4bbccfd4996cb3dc -> 
  custom:framework-win-MediaFoundation: 216162199b28c13a410421893ffa2e32 -> 
  custom:container-demuxer-webm: 4f35f7cbe854078d1ac9338744f61a02 -> 
  custom:container-muxer-webm: aa71ff27fc2769a1b78a27578f13a17b -> 
  custom:video-decoder-webm-vp8: 9c59270c3fd7afecdb556c50c9e8de78 -> 
  custom:AudioImporter_EditorPlatform: d09bf68614088b80899f8185d706f6e7 -> 
  custom:video-encoder-webm-vp8: eb34c28f22e8b96e1ab97ce403110664 -> 
  custom:audio-decoder-ogg-vorbis: bf7c407c2cedff20999df2af8eb42d56 -> 
  custom:audio-encoder-webm-vorbis: bf7c407c2cedff20999df2af8eb42d56 -> 
========================================================================
Received Import Request.
  Time since last request: 148521.554617 seconds.
  path: Assets/JMO Assets/Cartoon FX Remaster/CFXR Prefabs/Texts/CFXR4 _FROZEN_.prefab
  artifactKey: Guid(3b7e489cc13dac144b93495cf5b38349) Importer(815301076,1909f56bfc062723c751e8b465ee728b)
Start importing Assets/JMO Assets/Cartoon FX Remaster/CFXR Prefabs/Texts/CFXR4 _FROZEN_.prefab using Guid(3b7e489cc13dac144b93495cf5b38349) Importer(815301076,1909f56bfc062723c751e8b465ee728b)  -> (artifact id: '7da13c06e339a0aa9f304b65dc0a89ed') in 0.242018 seconds
Number of updated asset objects reloaded before import = 0
Number of asset objects unloaded after import = 102
========================================================================
Received Import Request.
  Time since last request: 0.000055 seconds.
  path: Assets/Samples/XR Interaction Toolkit/2.3.1/Starter Assets/Prefabs/Complete Teleport Area Set Up.prefab
  artifactKey: Guid(3e07eccb5e6f459d886de95044adb1d9) Importer(815301076,1909f56bfc062723c751e8b465ee728b)
Start importing Assets/Samples/XR Interaction Toolkit/2.3.1/Starter Assets/Prefabs/Complete Teleport Area Set Up.prefab using Guid(3e07eccb5e6f459d886de95044adb1d9) Importer(815301076,1909f56bfc062723c751e8b465ee728b)  -> (artifact id: 'fa3082726e0b8cdebe67a29684d36384') in 0.045434 seconds
Number of updated asset objects reloaded before import = 0
Number of asset objects unloaded after import = 131
========================================================================
Received Import Request.
  Time since last request: 0.000027 seconds.
  path: Assets/JMO Assets/Cartoon FX Remaster/CFXR Prefabs/Sword Trails/Plain/CFXR4 Sword Trail PLAIN (360 Spiral).prefab
  artifactKey: Guid(95b8d3d65b5d7f1409c4ed1723887826) Importer(815301076,1909f56bfc062723c751e8b465ee728b)
Start importing Assets/JMO Assets/Cartoon FX Remaster/CFXR Prefabs/Sword Trails/Plain/CFXR4 Sword Trail PLAIN (360 Spiral).prefab using Guid(95b8d3d65b5d7f1409c4ed1723887826) Importer(815301076,1909f56bfc062723c751e8b465ee728b)  -> (artifact id: '2ab14aa53df3cf6a8f16227868ec4920') in 0.183637 seconds
Number of updated asset objects reloaded before import = 0
Number of asset objects unloaded after import = 11
========================================================================
Received Import Request.
  Time since last request: 0.000748 seconds.
  path: Assets/XRI_Examples/UI_2D/Prefabs/Container/Container.prefab
  artifactKey: Guid(072acc349ced00d40b701e8e9d43c2f4) Importer(815301076,1909f56bfc062723c751e8b465ee728b)
Start importing Assets/XRI_Examples/UI_2D/Prefabs/Container/Container.prefab using Guid(072acc349ced00d40b701e8e9d43c2f4) Importer(815301076,1909f56bfc062723c751e8b465ee728b)  -> (artifact id: '89a7655559a2e7db92223ff0dcb75bc9') in 0.034891 seconds
Number of updated asset objects reloaded before import = 0
Number of asset objects unloaded after import = 90
========================================================================
Received Import Request.
  Time since last request: 0.000028 seconds.
  path: Assets/Modern UI Pack/Prefabs/Context Menu/Context Menu.prefab
  artifactKey: Guid(4007afa0c6d7d34479420814328729a7) Importer(815301076,1909f56bfc062723c751e8b465ee728b)
Start importing Assets/Modern UI Pack/Prefabs/Context Menu/Context Menu.prefab using Guid(4007afa0c6d7d34479420814328729a7) Importer(815301076,1909f56bfc062723c751e8b465ee728b)  -> (artifact id: 'a3fc506815844434a55ca65e8f61eb89') in 0.070783 seconds
Number of updated asset objects reloaded before import = 0
Number of asset objects unloaded after import = 128
========================================================================
Received Import Request.
  Time since last request: 0.000027 seconds.
  path: Assets/JMO Assets/Cartoon FX Remaster/CFXR Prefabs/Liquids/CFXR4 Bubbles Breath Underwater Loop.prefab
  artifactKey: Guid(7f906c77905876d488e88e99d13c3d7d) Importer(815301076,1909f56bfc062723c751e8b465ee728b)
Start importing Assets/JMO Assets/Cartoon FX Remaster/CFXR Prefabs/Liquids/CFXR4 Bubbles Breath Underwater Loop.prefab using Guid(7f906c77905876d488e88e99d13c3d7d) Importer(815301076,1909f56bfc062723c751e8b465ee728b)  -> (artifact id: '49176fa7c81bd2c063aa1865d27f9a85') in 0.153662 seconds
Number of updated asset objects reloaded before import = 0
Number of asset objects unloaded after import = 13
========================================================================
Received Import Request.
  Time since last request: 0.000048 seconds.
  path: Assets/JMO Assets/Cartoon FX Remaster/CFXR Prefabs/Sword Trails/Ice/CFXR4 Sword Trail ICE (360 Thin Spiral).prefab
  artifactKey: Guid(d552e90926df03a4596ccf40851b2dce) Importer(815301076,1909f56bfc062723c751e8b465ee728b)
Start importing Assets/JMO Assets/Cartoon FX Remaster/CFXR Prefabs/Sword Trails/Ice/CFXR4 Sword Trail ICE (360 Thin Spiral).prefab using Guid(d552e90926df03a4596ccf40851b2dce) Importer(815301076,1909f56bfc062723c751e8b465ee728b)  -> (artifact id: '19651d2062402c12821ce236946f0330') in 0.136747 seconds
Number of updated asset objects reloaded before import = 0
Number of asset objects unloaded after import = 55
========================================================================
Received Import Request.
  Time since last request: 0.000037 seconds.
  path: Assets/JMO Assets/Cartoon FX Remaster/CFXR Prefabs/Nature/CFXR4 Rain Falling.prefab
  artifactKey: Guid(f514474ff8e94554d8477de1f2f601b0) Importer(815301076,1909f56bfc062723c751e8b465ee728b)
Start importing Assets/JMO Assets/Cartoon FX Remaster/CFXR Prefabs/Nature/CFXR4 Rain Falling.prefab using Guid(f514474ff8e94554d8477de1f2f601b0) Importer(815301076,1909f56bfc062723c751e8b465ee728b)  -> (artifact id: '8a17e531bdbac26598e3700ea132f7ab') in 0.024085 seconds
Number of updated asset objects reloaded before import = 0
Number of asset objects unloaded after import = 10
========================================================================
Received Import Request.
  Time since last request: 0.000063 seconds.
  path: Assets/JMO Assets/Cartoon FX Remaster/CFXR Prefabs/Explosions/CFXR4 Firework 1 Cyan-Purple (HDR).prefab
  artifactKey: Guid(ae07f2a45f14a82428409cfe410e6002) Importer(815301076,1909f56bfc062723c751e8b465ee728b)
Start importing Assets/JMO Assets/Cartoon FX Remaster/CFXR Prefabs/Explosions/CFXR4 Firework 1 Cyan-Purple (HDR).prefab using Guid(ae07f2a45f14a82428409cfe410e6002) Importer(815301076,1909f56bfc062723c751e8b465ee728b)  -> (artifact id: '03b680ef5441c2db696ff8cc9ccb9d08') in 0.183114 seconds
Number of updated asset objects reloaded before import = 0
Number of asset objects unloaded after import = 13
========================================================================
Received Import Request.
  Time since last request: 0.000018 seconds.
  path: Assets/IGBlocks/IG_Warehouse/Prefabs/Crates/Crate_wood03.prefab
  artifactKey: Guid(57c786317c836a44a9f79c9d28af3fbf) Importer(815301076,1909f56bfc062723c751e8b465ee728b)
Start importing Assets/IGBlocks/IG_Warehouse/Prefabs/Crates/Crate_wood03.prefab using Guid(57c786317c836a44a9f79c9d28af3fbf) Importer(815301076,1909f56bfc062723c751e8b465ee728b)  -> (artifact id: '865d1b91ca9bff2d34d94af25584de7b') in 0.020659 seconds
Number of updated asset objects reloaded before import = 0
Number of asset objects unloaded after import = 10
========================================================================
Received Import Request.
  Time since last request: 0.000039 seconds.
  path: Assets/IGBlocks/IG_Warehouse/Prefabs/Crates/Crate_wood02.prefab
  artifactKey: Guid(51b66a0cd20ea7d48a7f411cfcef501b) Importer(815301076,1909f56bfc062723c751e8b465ee728b)
Start importing Assets/IGBlocks/IG_Warehouse/Prefabs/Crates/Crate_wood02.prefab using Guid(51b66a0cd20ea7d48a7f411cfcef501b) Importer(815301076,1909f56bfc062723c751e8b465ee728b)  -> (artifact id: '59144b063b182ca5e99427ffdaaf724d') in 0.152687 seconds
Number of updated asset objects reloaded before import = 0
Number of asset objects unloaded after import = 11
========================================================================
Received Import Request.
  Time since last request: 0.000025 seconds.
  path: Assets/IGBlocks/IG_Warehouse/Prefabs/Crates/Crate_s03.prefab
  artifactKey: Guid(250b3e217a370784f92512a9249fa6a8) Importer(815301076,1909f56bfc062723c751e8b465ee728b)
Start importing Assets/IGBlocks/IG_Warehouse/Prefabs/Crates/Crate_s03.prefab using Guid(250b3e217a370784f92512a9249fa6a8) Importer(815301076,1909f56bfc062723c751e8b465ee728b)  -> (artifact id: 'b635c1a65021ac3a5c18428a122d1cff') in 0.028905 seconds
Number of updated asset objects reloaded before import = 0
Number of asset objects unloaded after import = 11
========================================================================
Received Import Request.
  Time since last request: 0.000027 seconds.
  path: Assets/IGBlocks/IG_Warehouse/Prefabs/Crates/Crate_tarp_Big01.prefab
  artifactKey: Guid(925a6972bc09a23469627b835790f501) Importer(815301076,1909f56bfc062723c751e8b465ee728b)
Start importing Assets/IGBlocks/IG_Warehouse/Prefabs/Crates/Crate_tarp_Big01.prefab using Guid(925a6972bc09a23469627b835790f501) Importer(815301076,1909f56bfc062723c751e8b465ee728b)  -> (artifact id: 'be5be75b50b5799f60ca025b7b7171de') in 0.232126 seconds
Number of updated asset objects reloaded before import = 0
Number of asset objects unloaded after import = 17
========================================================================
Received Import Request.
  Time since last request: 0.000043 seconds.
  path: Assets/JMO Assets/Cartoon FX Remaster/CFXR Prefabs/Sword Trails/Fire/CFXR4 Sword Hit FIRE (Cross).prefab
  artifactKey: Guid(1fd2749f2a4056446881dce86ed70c39) Importer(815301076,1909f56bfc062723c751e8b465ee728b)
Start importing Assets/JMO Assets/Cartoon FX Remaster/CFXR Prefabs/Sword Trails/Fire/CFXR4 Sword Hit FIRE (Cross).prefab using Guid(1fd2749f2a4056446881dce86ed70c39) Importer(815301076,1909f56bfc062723c751e8b465ee728b)  -> (artifact id: '96eab1be51d0a16f018b9de78c9847ea') in 0.252170 seconds
Number of updated asset objects reloaded before import = 0
Number of asset objects unloaded after import = 52
========================================================================
Received Import Request.
  Time since last request: 0.000038 seconds.
  path: Assets/Cybernetic Walrus/Factory Interior/Prefabs/Decals/Decal_Bar_Prefab_01.prefab
  artifactKey: Guid(ddffcb7025e5c1e4ebb240d3da0e4604) Importer(815301076,1909f56bfc062723c751e8b465ee728b)
Start importing Assets/Cybernetic Walrus/Factory Interior/Prefabs/Decals/Decal_Bar_Prefab_01.prefab using Guid(ddffcb7025e5c1e4ebb240d3da0e4604) Importer(815301076,1909f56bfc062723c751e8b465ee728b)  -> (artifact id: '7c50af4271d615e1598fd1851979adc9') in 0.113996 seconds
Number of updated asset objects reloaded before import = 0
Number of asset objects unloaded after import = 11
========================================================================
Received Import Request.
  Time since last request: 0.000044 seconds.
  path: Assets/Cybernetic Walrus/Factory Interior/Prefabs/Decals/Decal_Door_Prefab_01.prefab
  artifactKey: Guid(7eef77140bb2d6648aee3540e4dc3df9) Importer(815301076,1909f56bfc062723c751e8b465ee728b)
Start importing Assets/Cybernetic Walrus/Factory Interior/Prefabs/Decals/Decal_Door_Prefab_01.prefab using Guid(7eef77140bb2d6648aee3540e4dc3df9) Importer(815301076,1909f56bfc062723c751e8b465ee728b)  -> (artifact id: 'aa1f1e0b9eb162087e114ecef4de4299') in 0.088190 seconds
Number of updated asset objects reloaded before import = 0
Number of asset objects unloaded after import = 11
========================================================================
Received Import Request.
  Time since last request: 0.000068 seconds.
  path: Assets/Cybernetic Walrus/Factory Interior/Prefabs/Decals/Decal_6_Prefab_01.prefab
  artifactKey: Guid(406d7bd0fcc4a0941910bab3a4dea63d) Importer(815301076,1909f56bfc062723c751e8b465ee728b)
Start importing Assets/Cybernetic Walrus/Factory Interior/Prefabs/Decals/Decal_6_Prefab_01.prefab using Guid(406d7bd0fcc4a0941910bab3a4dea63d) Importer(815301076,1909f56bfc062723c751e8b465ee728b)  -> (artifact id: 'fd436ba5eae674e6d1eb917322a8edb9') in 0.081569 seconds
Number of updated asset objects reloaded before import = 0
Number of asset objects unloaded after import = 11
========================================================================
Received Import Request.
  Time since last request: 0.000052 seconds.
  path: Assets/Cybernetic Walrus/Factory Interior/Prefabs/Decals/Decal_9_Prefab_01.prefab
  artifactKey: Guid(4ff0188f6238061428cde11d28e9b353) Importer(815301076,1909f56bfc062723c751e8b465ee728b)
Start importing Assets/Cybernetic Walrus/Factory Interior/Prefabs/Decals/Decal_9_Prefab_01.prefab using Guid(4ff0188f6238061428cde11d28e9b353) Importer(815301076,1909f56bfc062723c751e8b465ee728b)  -> (artifact id: 'eb8018cece63422e43f5498c177f021a') in 0.102296 seconds
Number of updated asset objects reloaded before import = 0
Number of asset objects unloaded after import = 11
========================================================================
Received Import Request.
  Time since last request: 0.000067 seconds.
  path: Assets/Cybernetic Walrus/Factory Interior/Prefabs/Decals/Decal_Smoking_Prefab_01.prefab
  artifactKey: Guid(496998a8c445f0a40929e51175dee836) Importer(815301076,1909f56bfc062723c751e8b465ee728b)
Start importing Assets/Cybernetic Walrus/Factory Interior/Prefabs/Decals/Decal_Smoking_Prefab_01.prefab using Guid(496998a8c445f0a40929e51175dee836) Importer(815301076,1909f56bfc062723c751e8b465ee728b)  -> (artifact id: '603d3169042c61b508fd43ca4d85657c') in 0.091230 seconds
Number of updated asset objects reloaded before import = 0
Number of asset objects unloaded after import = 11
========================================================================
Received Import Request.
  Time since last request: 0.000104 seconds.
  path: Assets/Cybernetic Walrus/Factory Interior/Prefabs/Decals/Decal_8_Prefab_01.prefab
  artifactKey: Guid(22873a7b2b35e284fa1be1cfa6af0a7a) Importer(815301076,1909f56bfc062723c751e8b465ee728b)
Start importing Assets/Cybernetic Walrus/Factory Interior/Prefabs/Decals/Decal_8_Prefab_01.prefab using Guid(22873a7b2b35e284fa1be1cfa6af0a7a) Importer(815301076,1909f56bfc062723c751e8b465ee728b)  -> (artifact id: 'fdf3ec7234c24dfad98b4e9d343fc0d7') in 0.090457 seconds
Number of updated asset objects reloaded before import = 0
Number of asset objects unloaded after import = 11
========================================================================
Received Import Request.
  Time since last request: 0.000127 seconds.
  path: Assets/Cybernetic Walrus/Factory Interior/Prefabs/Decals/Decal_Aid_Prefab_01.prefab
  artifactKey: Guid(13fe14ba3763eed4f970fff6a9d2437c) Importer(815301076,1909f56bfc062723c751e8b465ee728b)
Start importing Assets/Cybernetic Walrus/Factory Interior/Prefabs/Decals/Decal_Aid_Prefab_01.prefab using Guid(13fe14ba3763eed4f970fff6a9d2437c) Importer(815301076,1909f56bfc062723c751e8b465ee728b)  -> (artifact id: '76edc39eb095717a9e4d403c832ab4ee') in 0.068554 seconds
Number of updated asset objects reloaded before import = 0
Number of asset objects unloaded after import = 11
========================================================================
Received Import Request.
  Time since last request: 0.104860 seconds.
  path: Assets/Cybernetic Walrus/Factory Interior/Prefabs/Decals/Decal_Stripe_01_20m_Prefab_01.prefab
  artifactKey: Guid(aef48c88cb6ff5842ac07071b86c3de8) Importer(815301076,1909f56bfc062723c751e8b465ee728b)
Start importing Assets/Cybernetic Walrus/Factory Interior/Prefabs/Decals/Decal_Stripe_01_20m_Prefab_01.prefab using Guid(aef48c88cb6ff5842ac07071b86c3de8) Importer(815301076,1909f56bfc062723c751e8b465ee728b)  -> (artifact id: '20dbbb430342710856698a718a24b29f') in 0.084371 seconds
Number of updated asset objects reloaded before import = 0
Number of asset objects unloaded after import = 11
========================================================================
Received Import Request.
  Time since last request: 0.000079 seconds.
  path: Assets/Cybernetic Walrus/Factory Interior/Prefabs/Door_Large_01_Prefab_01.prefab
  artifactKey: Guid(622d27435be179a46a71f3838c62a961) Importer(815301076,1909f56bfc062723c751e8b465ee728b)
Start importing Assets/Cybernetic Walrus/Factory Interior/Prefabs/Door_Large_01_Prefab_01.prefab using Guid(622d27435be179a46a71f3838c62a961) Importer(815301076,1909f56bfc062723c751e8b465ee728b)  -> (artifact id: 'a12ad21627a955cc3c84d005de859891') in 0.119702 seconds
Number of updated asset objects reloaded before import = 0
Number of asset objects unloaded after import = 22
========================================================================
Received Import Request.
  Time since last request: 0.000039 seconds.
  path: Assets/Cybernetic Walrus/Factory Interior/Prefabs/Decals/Decal_Vest_Prefab_01.prefab
  artifactKey: Guid(786e55243e9ee3141af4e08715f68646) Importer(815301076,1909f56bfc062723c751e8b465ee728b)
Start importing Assets/Cybernetic Walrus/Factory Interior/Prefabs/Decals/Decal_Vest_Prefab_01.prefab using Guid(786e55243e9ee3141af4e08715f68646) Importer(815301076,1909f56bfc062723c751e8b465ee728b)  -> (artifact id: '2189d8f8fd3acdaba35dff70623c0f15') in 0.089500 seconds
Number of updated asset objects reloaded before import = 0
Number of asset objects unloaded after import = 11
========================================================================
Received Import Request.
  Time since last request: 0.000024 seconds.
  path: Assets/XRI_Examples/Environment/Prefabs/DistantTerrain.prefab
  artifactKey: Guid(ff32deaec288ec544a233b8d0fd080fc) Importer(815301076,1909f56bfc062723c751e8b465ee728b)
Start importing Assets/XRI_Examples/Environment/Prefabs/DistantTerrain.prefab using Guid(ff32deaec288ec544a233b8d0fd080fc) Importer(815301076,1909f56bfc062723c751e8b465ee728b)  -> (artifact id: 'eb4cc3dc9dcb3543a0b7e0113aa043f4') in 0.023991 seconds
Number of updated asset objects reloaded before import = 0
Number of asset objects unloaded after import = 89
========================================================================
Received Import Request.
  Time since last request: 0.000016 seconds.
  path: Assets/Modern UI Pack/Prefabs/Dropdown/Dropdown - Multi Select.prefab
  artifactKey: Guid(8824483cce8b8314f83f933a59d1483c) Importer(815301076,1909f56bfc062723c751e8b465ee728b)
Start importing Assets/Modern UI Pack/Prefabs/Dropdown/Dropdown - Multi Select.prefab using Guid(8824483cce8b8314f83f933a59d1483c) Importer(815301076,1909f56bfc062723c751e8b465ee728b)  -> (artifact id: '14f5f5f563f7842a40b9a4ce31dd8b01') in 0.062024 seconds
Number of updated asset objects reloaded before import = 0
Number of asset objects unloaded after import = 116
========================================================================
Received Import Request.
  Time since last request: 0.000013 seconds.
  path: Assets/Cybernetic Walrus/Factory Interior/Prefabs/Decals/Decal_Voltage_Prefab_01.prefab
  artifactKey: Guid(bd0d7d75a7176934eb7073891eb5fe28) Importer(815301076,1909f56bfc062723c751e8b465ee728b)
Start importing Assets/Cybernetic Walrus/Factory Interior/Prefabs/Decals/Decal_Voltage_Prefab_01.prefab using Guid(bd0d7d75a7176934eb7073891eb5fe28) Importer(815301076,1909f56bfc062723c751e8b465ee728b)  -> (artifact id: '39c5207cc3fd83642d11268210df720d') in 0.050353 seconds
Number of updated asset objects reloaded before import = 0
Number of asset objects unloaded after import = 11
========================================================================
Received Import Request.
  Time since last request: 0.000088 seconds.
  path: Assets/UnityTechnologies/ParticlePack/Shared/Environment/Prefabs/EndWall.prefab
  artifactKey: Guid(a53fe34087284794dbe0aad895670634) Importer(815301076,1909f56bfc062723c751e8b465ee728b)
Start importing Assets/UnityTechnologies/ParticlePack/Shared/Environment/Prefabs/EndWall.prefab using Guid(a53fe34087284794dbe0aad895670634) Importer(815301076,1909f56bfc062723c751e8b465ee728b)  -> (artifact id: 'abd95f8b1e00055aa3ec14a898f70d53') in 0.176073 seconds
Number of updated asset objects reloaded before import = 0
Number of asset objects unloaded after import = 20
========================================================================
Received Import Request.
  Time since last request: 0.000045 seconds.
  path: Assets/Cybernetic Walrus/Factory Interior/Prefabs/Decals/Decal_Warning_02_Prefab_01.prefab
  artifactKey: Guid(2d2d03ef00874c94199009f2019dbb95) Importer(815301076,1909f56bfc062723c751e8b465ee728b)
Start importing Assets/Cybernetic Walrus/Factory Interior/Prefabs/Decals/Decal_Warning_02_Prefab_01.prefab using Guid(2d2d03ef00874c94199009f2019dbb95) Importer(815301076,1909f56bfc062723c751e8b465ee728b)  -> (artifact id: '963bdc3f46c34610930a0a3c3b0e15b6') in 0.065329 seconds
Number of updated asset objects reloaded before import = 0
Number of asset objects unloaded after import = 11
========================================================================
Received Import Request.
  Time since last request: 0.000017 seconds.
  path: Assets/Cybernetic Walrus/Factory Interior/Prefabs/Decals/Decal_Warning_01_Prefab_01.prefab
  artifactKey: Guid(7f7c2147b6636154b9c7baa1ecc75d07) Importer(815301076,1909f56bfc062723c751e8b465ee728b)
Start importing Assets/Cybernetic Walrus/Factory Interior/Prefabs/Decals/Decal_Warning_01_Prefab_01.prefab using Guid(7f7c2147b6636154b9c7baa1ecc75d07) Importer(815301076,1909f56bfc062723c751e8b465ee728b)  -> (artifact id: '810643cead1b2e2f9b09d77dfd59a481') in 0.061197 seconds
Number of updated asset objects reloaded before import = 0
Number of asset objects unloaded after import = 11
========================================================================
Received Import Request.
  Time since last request: 0.000027 seconds.
  path: Assets/Modern UI Pack/Prefabs/Dropdown/Dropdown Item.prefab
  artifactKey: Guid(a10f1ce858922584bbbcc45f2e1d1ab1) Importer(815301076,1909f56bfc062723c751e8b465ee728b)
Start importing Assets/Modern UI Pack/Prefabs/Dropdown/Dropdown Item.prefab using Guid(a10f1ce858922584bbbcc45f2e1d1ab1) Importer(815301076,1909f56bfc062723c751e8b465ee728b)  -> (artifact id: 'f4e679b8a18c27d7df1235b1868ee86b') in 0.030758 seconds
Number of updated asset objects reloaded before import = 0
Number of asset objects unloaded after import = 35
========================================================================
Received Import Request.
  Time since last request: 0.000030 seconds.
  path: Assets/XRI_Examples/Physics/Prefabs/DoorKey.prefab
  artifactKey: Guid(52b0efbba0ab54548af1006d60566fe1) Importer(815301076,1909f56bfc062723c751e8b465ee728b)
Start importing Assets/XRI_Examples/Physics/Prefabs/DoorKey.prefab using Guid(52b0efbba0ab54548af1006d60566fe1) Importer(815301076,1909f56bfc062723c751e8b465ee728b)  -> (artifact id: '56ed1aa0e80ecb8c014f7540a3fe1962') in 0.026885 seconds
Number of updated asset objects reloaded before import = 0
Number of asset objects unloaded after import = 51
========================================================================
Received Import Request.
  Time since last request: 0.000031 seconds.
  path: Assets/UnityTechnologies/ParticlePack/EffectExamples/Fire & Explosion Effects/Prefabs/FlameThrower.prefab
  artifactKey: Guid(007c57e2df8e9b144b99f471b84f3d56) Importer(815301076,1909f56bfc062723c751e8b465ee728b)
Start importing Assets/UnityTechnologies/ParticlePack/EffectExamples/Fire & Explosion Effects/Prefabs/FlameThrower.prefab using Guid(007c57e2df8e9b144b99f471b84f3d56) Importer(815301076,1909f56bfc062723c751e8b465ee728b)  -> (artifact id: '59ff96dde521389f09617900ba54ad9d') in 0.229694 seconds
Number of updated asset objects reloaded before import = 0
Number of asset objects unloaded after import = 20
========================================================================
Received Import Request.
  Time since last request: 0.000057 seconds.
  path: Assets/XRI_Examples/Physics/Prefabs/Door_Flip.prefab
  artifactKey: Guid(ef8968d3811b4f9448c64ac756317715) Importer(815301076,1909f56bfc062723c751e8b465ee728b)
Start importing Assets/XRI_Examples/Physics/Prefabs/Door_Flip.prefab using Guid(ef8968d3811b4f9448c64ac756317715) Importer(815301076,1909f56bfc062723c751e8b465ee728b)  -> (artifact id: '80164c6de54fdf451f2605f97f890fdb') in 0.024729 seconds
Number of updated asset objects reloaded before import = 0
Number of asset objects unloaded after import = 38
========================================================================
Received Import Request.
  Time since last request: 0.000034 seconds.
  path: Assets/IGBlocks/IG_Warehouse/Prefabs/Forklifts/Forklift03.prefab
  artifactKey: Guid(ed7d3b4c9e8852c4a979eef3bef31a50) Importer(815301076,1909f56bfc062723c751e8b465ee728b)
Start importing Assets/IGBlocks/IG_Warehouse/Prefabs/Forklifts/Forklift03.prefab using Guid(ed7d3b4c9e8852c4a979eef3bef31a50) Importer(815301076,1909f56bfc062723c751e8b465ee728b)  -> (artifact id: 'ba8074ba699236b110562c5a57bfbf33') in 0.147729 seconds
Number of updated asset objects reloaded before import = 0
Number of asset objects unloaded after import = 36
========================================================================
Received Import Request.
  Time since last request: 0.000022 seconds.
  path: Assets/UnityTechnologies/ParticlePack/Shared/Environment/Prefabs/FloorLong.prefab
  artifactKey: Guid(364e3c46cc3cab14190de95b5e46dcfc) Importer(815301076,1909f56bfc062723c751e8b465ee728b)
Start importing Assets/UnityTechnologies/ParticlePack/Shared/Environment/Prefabs/FloorLong.prefab using Guid(364e3c46cc3cab14190de95b5e46dcfc) Importer(815301076,1909f56bfc062723c751e8b465ee728b)  -> (artifact id: '13ea2cafa35c9b8a2ff90ef011cde114') in 0.299536 seconds
Number of updated asset objects reloaded before import = 0
Number of asset objects unloaded after import = 18
========================================================================
Received Import Request.
  Time since last request: 0.000032 seconds.
  path: Assets/Samples/XR Interaction Toolkit/2.3.1/Starter Assets/Prefabs/UI_2D/Forklift Option 4.prefab
  artifactKey: Guid(313a4a472581dd14ba5282aee55d5abb) Importer(815301076,1909f56bfc062723c751e8b465ee728b)
Start importing Assets/Samples/XR Interaction Toolkit/2.3.1/Starter Assets/Prefabs/UI_2D/Forklift Option 4.prefab using Guid(313a4a472581dd14ba5282aee55d5abb) Importer(815301076,1909f56bfc062723c751e8b465ee728b)  -> (artifact id: '9256933f50e9873c0119ead512580438') in 0.010760 seconds
Number of updated asset objects reloaded before import = 0
Number of asset objects unloaded after import = 18
========================================================================
Received Import Request.
  Time since last request: 0.000063 seconds.
  path: Assets/Samples/XR Interaction Toolkit/2.3.1/Starter Assets/Prefabs/UI_2D/Forklift Option 3.prefab
  artifactKey: Guid(78ed75a3b174fa94a972e70627e31ec0) Importer(815301076,1909f56bfc062723c751e8b465ee728b)
Start importing Assets/Samples/XR Interaction Toolkit/2.3.1/Starter Assets/Prefabs/UI_2D/Forklift Option 3.prefab using Guid(78ed75a3b174fa94a972e70627e31ec0) Importer(815301076,1909f56bfc062723c751e8b465ee728b)  -> (artifact id: 'b8f9aa76eb205bbf7cc42242adf088eb') in 0.005290 seconds
Number of updated asset objects reloaded before import = 0
Number of asset objects unloaded after import = 18
========================================================================
Received Import Request.
  Time since last request: 0.000050 seconds.
  path: Assets/UnityTechnologies/ParticlePack/Shared/Environment/Prefabs/FloorTiny.prefab
  artifactKey: Guid(8e1da52275f7dd14982d99253940530e) Importer(815301076,1909f56bfc062723c751e8b465ee728b)
Start importing Assets/UnityTechnologies/ParticlePack/Shared/Environment/Prefabs/FloorTiny.prefab using Guid(8e1da52275f7dd14982d99253940530e) Importer(815301076,1909f56bfc062723c751e8b465ee728b)  -> (artifact id: '19a451c5351d606e02442bd47f75fe7d') in 0.173611 seconds
Number of updated asset objects reloaded before import = 0
Number of asset objects unloaded after import = 13
========================================================================
Received Import Request.
  Time since last request: 0.000050 seconds.
  path: Assets/Modern UI Pack/Prefabs/Button/Basic - Outline/Gray.prefab
  artifactKey: Guid(8f569e837df7b6b4eb1a443ba50fff62) Importer(815301076,1909f56bfc062723c751e8b465ee728b)
Start importing Assets/Modern UI Pack/Prefabs/Button/Basic - Outline/Gray.prefab using Guid(8f569e837df7b6b4eb1a443ba50fff62) Importer(815301076,1909f56bfc062723c751e8b465ee728b)  -> (artifact id: '00c3fb2e69e8546c6cbea26e94541296') in 0.049813 seconds
Number of updated asset objects reloaded before import = 0
Number of asset objects unloaded after import = 58
========================================================================
Received Import Request.
  Time since last request: 0.000027 seconds.
  path: Assets/Modern UI Pack/Prefabs/Button/Basic - Outline Only Icon/Green.prefab
  artifactKey: Guid(0a949c976bd6757439a71cac9fa68250) Importer(815301076,1909f56bfc062723c751e8b465ee728b)
Start importing Assets/Modern UI Pack/Prefabs/Button/Basic - Outline Only Icon/Green.prefab using Guid(0a949c976bd6757439a71cac9fa68250) Importer(815301076,1909f56bfc062723c751e8b465ee728b)  -> (artifact id: '6899a89612e13f06051f0cda468cc54d') in 0.007203 seconds
Number of updated asset objects reloaded before import = 0
Number of asset objects unloaded after import = 41
========================================================================
Received Import Request.
  Time since last request: 0.000059 seconds.
  path: Assets/Modern UI Pack/Prefabs/Button/Basic - Outline With Icon/Gray.prefab
  artifactKey: Guid(907c30a972aa5fa419c36cae83ed727c) Importer(815301076,1909f56bfc062723c751e8b465ee728b)
Start importing Assets/Modern UI Pack/Prefabs/Button/Basic - Outline With Icon/Gray.prefab using Guid(907c30a972aa5fa419c36cae83ed727c) Importer(815301076,1909f56bfc062723c751e8b465ee728b)  -> (artifact id: '2b40412be6e2e4d6a085f00f5bbf6900') in 0.038072 seconds
Number of updated asset objects reloaded before import = 0
Number of asset objects unloaded after import = 67
========================================================================
Received Import Request.
  Time since last request: 0.000029 seconds.
  path: Assets/Modern UI Pack/Prefabs/Button/Basic - With Icon/Green.prefab
  artifactKey: Guid(9ddda13aae424f741b96bb7321055d2c) Importer(815301076,1909f56bfc062723c751e8b465ee728b)
Start importing Assets/Modern UI Pack/Prefabs/Button/Basic - With Icon/Green.prefab using Guid(9ddda13aae424f741b96bb7321055d2c) Importer(815301076,1909f56bfc062723c751e8b465ee728b)  -> (artifact id: '11c97d2ae8a23eb293d9cad3e3611adc') in 0.033107 seconds
Number of updated asset objects reloaded before import = 0
Number of asset objects unloaded after import = 43
========================================================================
Received Import Request.
  Time since last request: 0.000013 seconds.
  path: Assets/Modern UI Pack/Prefabs/Button/Radial - Only Icon/Gray.prefab
  artifactKey: Guid(55e5d0304f9539447aad6018c0aa6c48) Importer(815301076,1909f56bfc062723c751e8b465ee728b)
Start importing Assets/Modern UI Pack/Prefabs/Button/Radial - Only Icon/Gray.prefab using Guid(55e5d0304f9539447aad6018c0aa6c48) Importer(815301076,1909f56bfc062723c751e8b465ee728b)  -> (artifact id: '6bf3e67464251487184537e5f6f24396') in 0.005537 seconds
Number of updated asset objects reloaded before import = 0
Number of asset objects unloaded after import = 20
========================================================================
Received Import Request.
  Time since last request: 0.000024 seconds.
  path: Assets/Modern UI Pack/Prefabs/Button/Basic/Green.prefab
  artifactKey: Guid(64325a7db649f3a42be36398b9d061bd) Importer(815301076,1909f56bfc062723c751e8b465ee728b)
Start importing Assets/Modern UI Pack/Prefabs/Button/Basic/Green.prefab using Guid(64325a7db649f3a42be36398b9d061bd) Importer(815301076,1909f56bfc062723c751e8b465ee728b)  -> (artifact id: '0bc596034f78073eb118a095ae1bb257') in 0.035911 seconds
Number of updated asset objects reloaded before import = 0
Number of asset objects unloaded after import = 38
========================================================================
Received Import Request.
  Time since last request: 0.000019 seconds.
  path: Assets/Modern UI Pack/Prefabs/Button/Basic - Outline/Green.prefab
  artifactKey: Guid(e2ab19f1e9ab8124cbab90986ae90c06) Importer(815301076,1909f56bfc062723c751e8b465ee728b)
Start importing Assets/Modern UI Pack/Prefabs/Button/Basic - Outline/Green.prefab using Guid(e2ab19f1e9ab8124cbab90986ae90c06) Importer(815301076,1909f56bfc062723c751e8b465ee728b)  -> (artifact id: '9ed21186d9b494c1baf8e904b9c75878') in 0.044233 seconds
Number of updated asset objects reloaded before import = 0
Number of asset objects unloaded after import = 58
========================================================================
Received Import Request.
  Time since last request: 0.000062 seconds.
  path: Assets/Modern UI Pack/Prefabs/Button/Basic - Outline Gradient/Gray.prefab
  artifactKey: Guid(d6eccb1e15dc29f4e95f760b1d5b2af5) Importer(815301076,1909f56bfc062723c751e8b465ee728b)
Start importing Assets/Modern UI Pack/Prefabs/Button/Basic - Outline Gradient/Gray.prefab using Guid(d6eccb1e15dc29f4e95f760b1d5b2af5) Importer(815301076,1909f56bfc062723c751e8b465ee728b)  -> (artifact id: 'e3dffe45ede457dcb74cbab3409c24de') in 0.059621 seconds
Number of updated asset objects reloaded before import = 0
Number of asset objects unloaded after import = 60
========================================================================
Received Import Request.
  Time since last request: 0.000044 seconds.
  path: Assets/Modern UI Pack/Prefabs/Button/Basic - Outline Gradient/Green.prefab
  artifactKey: Guid(38eb6a84e5eb0f7459e415302e715c6e) Importer(815301076,1909f56bfc062723c751e8b465ee728b)
Start importing Assets/Modern UI Pack/Prefabs/Button/Basic - Outline Gradient/Green.prefab using Guid(38eb6a84e5eb0f7459e415302e715c6e) Importer(815301076,1909f56bfc062723c751e8b465ee728b)  -> (artifact id: 'b1a0b65f94234c18475e623334f33d3e') in 0.051815 seconds
Number of updated asset objects reloaded before import = 0
Number of asset objects unloaded after import = 60
========================================================================
Received Import Request.
  Time since last request: 0.000046 seconds.
  path: Assets/UnityTechnologies/ParticlePack/EffectExamples/Goop Effects/Prefabs/GoopStreamEffect.prefab
  artifactKey: Guid(a3768c8a9d1b90d4bb0eb0e4bdbe730c) Importer(815301076,1909f56bfc062723c751e8b465ee728b)
Start importing Assets/UnityTechnologies/ParticlePack/EffectExamples/Goop Effects/Prefabs/GoopStreamEffect.prefab using Guid(a3768c8a9d1b90d4bb0eb0e4bdbe730c) Importer(815301076,1909f56bfc062723c751e8b465ee728b)  -> (artifact id: 'db40a71e37c4930084f26fc45b2b23cc') in 7.744071 seconds
Number of updated asset objects reloaded before import = 0
Number of asset objects unloaded after import = 25
========================================================================
Received Import Request.
  Time since last request: 0.000049 seconds.
  path: Assets/Modern UI Pack/Prefabs/Input Field/Input Field - Standard (Left).prefab
  artifactKey: Guid(a7f6fce2117a1d0419a238b750d744f8) Importer(815301076,1909f56bfc062723c751e8b465ee728b)
Start importing Assets/Modern UI Pack/Prefabs/Input Field/Input Field - Standard (Left).prefab using Guid(a7f6fce2117a1d0419a238b750d744f8) Importer(815301076,1909f56bfc062723c751e8b465ee728b)  -> (artifact id: '6f43a0ee490dcc83bad276dd61828229') in 0.057478 seconds
Number of updated asset objects reloaded before import = 0
Number of asset objects unloaded after import = 60
========================================================================
Received Import Request.
  Time since last request: 0.000069 seconds.
  path: Assets/XRI_Examples/HoverHighlight/Prefabs/HoverStateVisuals_Full.prefab
  artifactKey: Guid(7993ae71b53b408449cea86d791c878e) Importer(815301076,1909f56bfc062723c751e8b465ee728b)
Start importing Assets/XRI_Examples/HoverHighlight/Prefabs/HoverStateVisuals_Full.prefab using Guid(7993ae71b53b408449cea86d791c878e) Importer(815301076,1909f56bfc062723c751e8b465ee728b)  -> (artifact id: 'e6eea36939050c0ce5c8fa8829654f61') in 0.003533 seconds
Number of updated asset objects reloaded before import = 0
Number of asset objects unloaded after import = 10
========================================================================
Received Import Request.
  Time since last request: 0.000017 seconds.
  path: Assets/Modern UI Pack/Prefabs/Input Field/Input Field - Standard (Middle).prefab
  artifactKey: Guid(f6d82199af7ca3743b7a21cc4398ba50) Importer(815301076,1909f56bfc062723c751e8b465ee728b)
Start importing Assets/Modern UI Pack/Prefabs/Input Field/Input Field - Standard (Middle).prefab using Guid(f6d82199af7ca3743b7a21cc4398ba50) Importer(815301076,1909f56bfc062723c751e8b465ee728b)  -> (artifact id: '2e027c67826688031c9bd9de0bfb435b') in 0.054049 seconds
Number of updated asset objects reloaded before import = 0
Number of asset objects unloaded after import = 60
========================================================================
Received Import Request.
  Time since last request: 0.000039 seconds.
  path: Assets/Modern UI Pack/Prefabs/Input Field/Input Field - Multi-Line.prefab
  artifactKey: Guid(48cd4469f52efb049b60ba44e83da257) Importer(815301076,1909f56bfc062723c751e8b465ee728b)
Start importing Assets/Modern UI Pack/Prefabs/Input Field/Input Field - Multi-Line.prefab using Guid(48cd4469f52efb049b60ba44e83da257) Importer(815301076,1909f56bfc062723c751e8b465ee728b)  -> (artifact id: 'c16a1f81243bd6ca7be45a0eecf9a4e8') in 0.061421 seconds
Number of updated asset objects reloaded before import = 0
Number of asset objects unloaded after import = 59
========================================================================
Received Import Request.
  Time since last request: 0.000065 seconds.
  path: Assets/Modern UI Pack/Prefabs/Button/Basic/Gray.prefab
  artifactKey: Guid(3dbd4bc71acbb1145b6e80827b858127) Importer(815301076,1909f56bfc062723c751e8b465ee728b)
Start importing Assets/Modern UI Pack/Prefabs/Button/Basic/Gray.prefab using Guid(3dbd4bc71acbb1145b6e80827b858127) Importer(815301076,1909f56bfc062723c751e8b465ee728b)  -> (artifact id: '63de8e3790f93c14c5f5bb116573020b') in 0.037175 seconds
Number of updated asset objects reloaded before import = 0
Number of asset objects unloaded after import = 38
========================================================================
Received Import Request.
  Time since last request: 0.000043 seconds.
  path: Assets/Modern UI Pack/Prefabs/Button/Rounded - Gradient/Gray.prefab
  artifactKey: Guid(8e1d318eaaf35d24cbd3f9cea3e82fe9) Importer(815301076,1909f56bfc062723c751e8b465ee728b)
Start importing Assets/Modern UI Pack/Prefabs/Button/Rounded - Gradient/Gray.prefab using Guid(8e1d318eaaf35d24cbd3f9cea3e82fe9) Importer(815301076,1909f56bfc062723c751e8b465ee728b)  -> (artifact id: '22cd5972851d4026a91f008f9ea80f79') in 0.048073 seconds
Number of updated asset objects reloaded before import = 0
Number of asset objects unloaded after import = 39
========================================================================
Received Import Request.
  Time since last request: 0.000049 seconds.
  path: Assets/XRI_Examples/HoverHighlight/Prefabs/HoverStateVisuals_OnlyHover.prefab
  artifactKey: Guid(82bfca775e5a52f4caa5cdb4a40e48e7) Importer(815301076,1909f56bfc062723c751e8b465ee728b)
Start importing Assets/XRI_Examples/HoverHighlight/Prefabs/HoverStateVisuals_OnlyHover.prefab using Guid(82bfca775e5a52f4caa5cdb4a40e48e7) Importer(815301076,1909f56bfc062723c751e8b465ee728b)  -> (artifact id: '9c7e7e0a00ac073927e3ff615b236ba8') in 0.006524 seconds
Number of updated asset objects reloaded before import = 0
Number of asset objects unloaded after import = 19
========================================================================
Received Import Request.
  Time since last request: 0.000053 seconds.
  path: Assets/UnityTechnologies/ParticlePack/Shared/Environment/Prefabs/FloorMiddle.prefab
  artifactKey: Guid(4a71a58a3a7116c4a8aabbf8699066aa) Importer(815301076,1909f56bfc062723c751e8b465ee728b)
Start importing Assets/UnityTechnologies/ParticlePack/Shared/Environment/Prefabs/FloorMiddle.prefab using Guid(4a71a58a3a7116c4a8aabbf8699066aa) Importer(815301076,1909f56bfc062723c751e8b465ee728b)  -> (artifact id: 'f78598dc32265f625543c8c5e1f299b3') in 0.150571 seconds
Number of updated asset objects reloaded before import = 0
Number of asset objects unloaded after import = 13
========================================================================
Received Import Request.
  Time since last request: 0.000056 seconds.
  path: Assets/IGBlocks/IG_Warehouse/Prefabs/Forklifts/Forklift01.prefab
  artifactKey: Guid(8a2dea2d1eaf52746b10b26175bed577) Importer(815301076,1909f56bfc062723c751e8b465ee728b)
Start importing Assets/IGBlocks/IG_Warehouse/Prefabs/Forklifts/Forklift01.prefab using Guid(8a2dea2d1eaf52746b10b26175bed577) Importer(815301076,1909f56bfc062723c751e8b465ee728b)  -> (artifact id: 'c24a9a5c0e79596c95c044fb035c4f78') in 0.199378 seconds
Number of updated asset objects reloaded before import = 0
Number of asset objects unloaded after import = 38
========================================================================
Received Import Request.
  Time since last request: 0.000076 seconds.
  path: Assets/Modern UI Pack/Prefabs/Input Field/Input Field - Fading (Right).prefab
  artifactKey: Guid(868cc2844fdefac44b00ee92eb8c3d18) Importer(815301076,1909f56bfc062723c751e8b465ee728b)
Start importing Assets/Modern UI Pack/Prefabs/Input Field/Input Field - Fading (Right).prefab using Guid(868cc2844fdefac44b00ee92eb8c3d18) Importer(815301076,1909f56bfc062723c751e8b465ee728b)  -> (artifact id: '19221f4932b0f8d260f4df03a685b44e') in 0.061664 seconds
Number of updated asset objects reloaded before import = 0
Number of asset objects unloaded after import = 59
========================================================================
Received Import Request.
  Time since last request: 0.000056 seconds.
  path: Assets/Modern UI Pack/Prefabs/Button/Rounded - Outline/Gray.prefab
  artifactKey: Guid(5d8e5e0b46c1f6c4ea873c04612fa10e) Importer(815301076,1909f56bfc062723c751e8b465ee728b)
Start importing Assets/Modern UI Pack/Prefabs/Button/Rounded - Outline/Gray.prefab using Guid(5d8e5e0b46c1f6c4ea873c04612fa10e) Importer(815301076,1909f56bfc062723c751e8b465ee728b)  -> (artifact id: 'a9328b05ff392843472f107c27ee9ced') in 0.034781 seconds
Number of updated asset objects reloaded before import = 0
Number of asset objects unloaded after import = 57
========================================================================
Received Import Request.
  Time since last request: 0.000031 seconds.
  path: Assets/Cybernetic Walrus/Factory Interior/Prefabs/Fire_Extinguisher_01_Prefab_01.prefab
  artifactKey: Guid(cf81d94c328b77a4494785a27f7166bf) Importer(815301076,1909f56bfc062723c751e8b465ee728b)
Start importing Assets/Cybernetic Walrus/Factory Interior/Prefabs/Fire_Extinguisher_01_Prefab_01.prefab using Guid(cf81d94c328b77a4494785a27f7166bf) Importer(815301076,1909f56bfc062723c751e8b465ee728b)  -> (artifact id: 'cb9fbd694a7fbedd8f48de01f3bceea8') in 0.077277 seconds
Number of updated asset objects reloaded before import = 0
Number of asset objects unloaded after import = 22
========================================================================
Received Import Request.
  Time since last request: 0.000034 seconds.
  path: Assets/Modern UI Pack/Prefabs/Button/Rounded/Gray.prefab
  artifactKey: Guid(6ef7b609a37968f40a06e126055e20d2) Importer(815301076,1909f56bfc062723c751e8b465ee728b)
Start importing Assets/Modern UI Pack/Prefabs/Button/Rounded/Gray.prefab using Guid(6ef7b609a37968f40a06e126055e20d2) Importer(815301076,1909f56bfc062723c751e8b465ee728b)  -> (artifact id: 'c15289c4b5e5f18e24faa7d878fc983e') in 0.035576 seconds
Number of updated asset objects reloaded before import = 0
Number of asset objects unloaded after import = 38
========================================================================
Received Import Request.
  Time since last request: 0.000029 seconds.
  path: Assets/Modern UI Pack/Prefabs/Button/Rounded - Outline Gradient/Gray.prefab
  artifactKey: Guid(71490e0609ae8554993ccd01c615d13c) Importer(815301076,1909f56bfc062723c751e8b465ee728b)
Start importing Assets/Modern UI Pack/Prefabs/Button/Rounded - Outline Gradient/Gray.prefab using Guid(71490e0609ae8554993ccd01c615d13c) Importer(815301076,1909f56bfc062723c751e8b465ee728b)  -> (artifact id: '2ba4ca3d093f3ccddcaa74c626759b72') in 0.047209 seconds
Number of updated asset objects reloaded before import = 0
Number of asset objects unloaded after import = 59
========================================================================
Received Import Request.
  Time since last request: 0.000049 seconds.
  path: Assets/Cybernetic Walrus/Factory Interior/Prefabs/Decals/Decal_Stripe_03_5m_Prefab_01.prefab
  artifactKey: Guid(735171d804e991340b7a50e73fd29ce2) Importer(815301076,1909f56bfc062723c751e8b465ee728b)
Start importing Assets/Cybernetic Walrus/Factory Interior/Prefabs/Decals/Decal_Stripe_03_5m_Prefab_01.prefab using Guid(735171d804e991340b7a50e73fd29ce2) Importer(815301076,1909f56bfc062723c751e8b465ee728b)  -> (artifact id: '90c86d7a8ea6af30f69b660fab6eef79') in 0.087255 seconds
Number of updated asset objects reloaded before import = 0
Number of asset objects unloaded after import = 11
========================================================================
Received Import Request.
  Time since last request: 0.000082 seconds.
  path: Assets/UnityTechnologies/ParticlePack/EffectExamples/Misc Effects/Prefabs/FireFlies.prefab
  artifactKey: Guid(379785de5e39005469c875710d3cc5a7) Importer(815301076,1909f56bfc062723c751e8b465ee728b)
Start importing Assets/UnityTechnologies/ParticlePack/EffectExamples/Misc Effects/Prefabs/FireFlies.prefab using Guid(379785de5e39005469c875710d3cc5a7) Importer(815301076,1909f56bfc062723c751e8b465ee728b)  -> (artifact id: '42cc9701bbc7842aad07963a785d0b84') in 0.459778 seconds
Number of updated asset objects reloaded before import = 0
Number of asset objects unloaded after import = 21
========================================================================
Received Prepare
Begin MonoManager ReloadAssembly
Symbol file LoadedFromMemory doesn't match image C:\Users\hodex\Desktop\School\SAP\warehouse-simulator\Library\PackageCache\com.unity.visualscripting@1.8.0\Editor\VisualScripting.Core\Dependencies\YamlDotNet\Unity.VisualScripting.YamlDotNet.dll
Symbol file LoadedFromMemory doesn't match image C:\Users\hodex\Desktop\School\SAP\warehouse-simulator\Library\PackageCache\com.unity.visualscripting@1.8.0\Editor\VisualScripting.Core\Dependencies\DotNetZip\Unity.VisualScripting.IonicZip.dll
- Loaded All Assemblies, in  1.000 seconds
Refreshing native plugins compatible for Editor in 21.49 ms, found 13 plugins.
Native extension for UWP target not found
Native extension for WindowsStandalone target not found
Native extension for Android target not found
Native extension for WebGL target not found
[Package Manager] Server::EnsureServerProcessIsRunning -- launch failed, reason: Unity was launched with the -noUpm command-line argument
[Package Manager] UpmClient::Send -- Unable to send message (not connected to UPM process).
[Package Manager] Cannot connect to Unity Package Manager local server
System.Reflection.TargetInvocationException: Exception has been thrown by the target of an invocation. ---> System.NullReferenceException: Object reference not set to an instance of an object
  at Unity.XR.Oculus.OculusLoader.AssetPathToAbsolutePath (System.String assetPath) [0x0003d] in .\Library\PackageCache\com.unity.xr.oculus@3.3.0\Runtime\OculusLoader.cs:282 
  at Unity.XR.Oculus.OculusLoader.EditorLoadOVRPlugin () [0x0007b] in .\Library\PackageCache\com.unity.xr.oculus@3.3.0\Runtime\OculusLoader.cs:267 
  at (wrapper managed-to-native) System.Reflection.RuntimeMethodInfo.InternalInvoke(System.Reflection.RuntimeMethodInfo,object,object[],System.Exception&)
  at System.Reflection.RuntimeMethodInfo.Invoke (System.Object obj, System.Reflection.BindingFlags invokeAttr, System.Reflection.Binder binder, System.Object[] parameters, System.Globalization.CultureInfo culture) [0x0006a] in <cbc72d4a9767498db39486e941a498e3>:0 
   --- End of inner exception stack trace ---
  at System.Reflection.RuntimeMethodInfo.Invoke (System.Object obj, System.Reflection.BindingFlags invokeAttr, System.Reflection.Binder binder, System.Object[] parameters, System.Globalization.CultureInfo culture) [0x00083] in <cbc72d4a9767498db39486e941a498e3>:0 
  at System.Reflection.MethodBase.Invoke (System.Object obj, System.Object[] parameters) [0x00000] in <cbc72d4a9767498db39486e941a498e3>:0 
  at UnityEditor.EditorAssemblies.ProcessInitializeOnLoadMethodAttributes () [0x000a5] in <a034809d7c214f51bd2d2d89aa481461>:0 
UnityEngine.StackTraceUtility:ExtractStackTrace ()
UnityEngine.DebugLogHandler:LogFormat (UnityEngine.LogType,UnityEngine.Object,string,object[])
UnityEngine.Logger:Log (UnityEngine.LogType,object)
UnityEngine.Debug:LogError (object)
UnityEditor.EditorAssemblies:ProcessInitializeOnLoadMethodAttributes ()

Mono: successfully reloaded assembly
[Package Manager] Server::EnsureServerProcessIsRunning -- launch failed, reason: Unity was launched with the -noUpm command-line argument
[Package Manager] UpmClient::Send -- Unable to send message (not connected to UPM process).
[Package Manager] Cannot connect to Unity Package Manager local server
- Finished resetting the current domain, in  2.019 seconds
Domain Reload Profiling:
	ReloadAssembly (277ms)
		BeginReloadAssembly (187ms)
			ExecutionOrderSort (0ms)
			DisableScriptedObjects (5ms)
			BackupInstance (0ms)
			ReleaseScriptingObjects (0ms)
			CreateAndSetChildDomain (54ms)
		LoadAllAssembliesAndSetupDomain (714ms)
			LoadAssemblies (436ms)
			RebuildTransferFunctionScriptingTraits (0ms)
			SetupTypeCache (345ms)
				TypeCache.Initialize (336ms)
					TypeCache.ScanAssembly (328ms)
				ResolveRequiredComponents (8ms)
		FinalizeReload (0ms)
			ReleaseScriptCaches (0ms)
			RebuildScriptCaches (0ms)
			SetupLoadedEditorAssemblies (716ms)
				LogAssemblyErrors (0ms)
				InitializePlatformSupportModulesInManaged (29ms)
				SetLoadedEditorAssemblies (4ms)
				RefreshPlugins (0ms)
				BeforeProcessingInitializeOnLoad (105ms)
				ProcessInitializeOnLoadAttributes (514ms)
				ProcessInitializeOnLoadMethodAttributes (47ms)
				AfterProcessingInitializeOnLoad (16ms)
				EditorAssembliesLoaded (0ms)
			ExecutionOrderSort2 (0ms)
			AwakeInstancesAfterBackupRestoration (7ms)
Refreshing native plugins compatible for Editor in 23.51 ms, found 13 plugins.
Preloading 1 native plugins for Editor in 0.10 ms.
Unloading 4656 Unused Serialized files (Serialized files now loaded: 0)
Unloading 62 unused Assets / (1.3 MB). Loaded Objects now: 5235.
Memory consumption went from 229.0 MB to 227.7 MB.
Total: 6.898100 ms (FindLiveObjects: 0.704400 ms CreateObjectMapping: 0.168400 ms MarkObjects: 5.570500 ms  DeleteObjects: 0.452900 ms)

Prepare: number of updated asset objects reloaded= 0
AssetImportParameters requested are different than current active one (requested -> active):
  custom:container-demuxer-ogg: 62fdf1f143b41e24485cea50d1cbac27 -> 
  custom:video-codec-MediaFoundation-h265: e54d7ab0439102e2317fc1e4b246158d -> 
  custom:video-decoder-ogg-theora: a1e56fd34408186e4bbccfd4996cb3dc -> 
  custom:framework-win-MediaFoundation: 216162199b28c13a410421893ffa2e32 -> 
  custom:container-demuxer-webm: 4f35f7cbe854078d1ac9338744f61a02 -> 
  custom:container-muxer-webm: aa71ff27fc2769a1b78a27578f13a17b -> 
  custom:video-decoder-webm-vp8: 9c59270c3fd7afecdb556c50c9e8de78 -> 
  custom:AudioImporter_EditorPlatform: d09bf68614088b80899f8185d706f6e7 -> 
  custom:video-encoder-webm-vp8: eb34c28f22e8b96e1ab97ce403110664 -> 
  custom:audio-decoder-ogg-vorbis: bf7c407c2cedff20999df2af8eb42d56 -> 
  custom:audio-encoder-webm-vorbis: bf7c407c2cedff20999df2af8eb42d56 -> 
========================================================================
Received Prepare
Begin MonoManager ReloadAssembly
Symbol file LoadedFromMemory doesn't match image C:\Users\hodex\Desktop\School\SAP\warehouse-simulator\Library\PackageCache\com.unity.visualscripting@1.8.0\Editor\VisualScripting.Core\Dependencies\YamlDotNet\Unity.VisualScripting.YamlDotNet.dll
Symbol file LoadedFromMemory doesn't match image C:\Users\hodex\Desktop\School\SAP\warehouse-simulator\Library\PackageCache\com.unity.visualscripting@1.8.0\Editor\VisualScripting.Core\Dependencies\DotNetZip\Unity.VisualScripting.IonicZip.dll
- Loaded All Assemblies, in  1.013 seconds
Refreshing native plugins compatible for Editor in 22.86 ms, found 13 plugins.
Native extension for UWP target not found
Native extension for WindowsStandalone target not found
Native extension for Android target not found
Native extension for WebGL target not found
[Package Manager] Server::EnsureServerProcessIsRunning -- launch failed, reason: Unity was launched with the -noUpm command-line argument
[Package Manager] UpmClient::Send -- Unable to send message (not connected to UPM process).
[Package Manager] Cannot connect to Unity Package Manager local server
System.Reflection.TargetInvocationException: Exception has been thrown by the target of an invocation. ---> System.NullReferenceException: Object reference not set to an instance of an object
  at Unity.XR.Oculus.OculusLoader.AssetPathToAbsolutePath (System.String assetPath) [0x0003d] in .\Library\PackageCache\com.unity.xr.oculus@3.3.0\Runtime\OculusLoader.cs:282 
  at Unity.XR.Oculus.OculusLoader.EditorLoadOVRPlugin () [0x0007b] in .\Library\PackageCache\com.unity.xr.oculus@3.3.0\Runtime\OculusLoader.cs:267 
  at (wrapper managed-to-native) System.Reflection.RuntimeMethodInfo.InternalInvoke(System.Reflection.RuntimeMethodInfo,object,object[],System.Exception&)
  at System.Reflection.RuntimeMethodInfo.Invoke (System.Object obj, System.Reflection.BindingFlags invokeAttr, System.Reflection.Binder binder, System.Object[] parameters, System.Globalization.CultureInfo culture) [0x0006a] in <cbc72d4a9767498db39486e941a498e3>:0 
   --- End of inner exception stack trace ---
  at System.Reflection.RuntimeMethodInfo.Invoke (System.Object obj, System.Reflection.BindingFlags invokeAttr, System.Reflection.Binder binder, System.Object[] parameters, System.Globalization.CultureInfo culture) [0x00083] in <cbc72d4a9767498db39486e941a498e3>:0 
  at System.Reflection.MethodBase.Invoke (System.Object obj, System.Object[] parameters) [0x00000] in <cbc72d4a9767498db39486e941a498e3>:0 
  at UnityEditor.EditorAssemblies.ProcessInitializeOnLoadMethodAttributes () [0x000a5] in <a034809d7c214f51bd2d2d89aa481461>:0 
UnityEngine.StackTraceUtility:ExtractStackTrace ()
UnityEngine.DebugLogHandler:LogFormat (UnityEngine.LogType,UnityEngine.Object,string,object[])
UnityEngine.Logger:Log (UnityEngine.LogType,object)
UnityEngine.Debug:LogError (object)
UnityEditor.EditorAssemblies:ProcessInitializeOnLoadMethodAttributes ()

Mono: successfully reloaded assembly
[Package Manager] Server::EnsureServerProcessIsRunning -- launch failed, reason: Unity was launched with the -noUpm command-line argument
[Package Manager] UpmClient::Send -- Unable to send message (not connected to UPM process).
[Package Manager] Cannot connect to Unity Package Manager local server
- Finished resetting the current domain, in  1.383 seconds
Domain Reload Profiling:
	ReloadAssembly (294ms)
		BeginReloadAssembly (201ms)
			ExecutionOrderSort (0ms)
			DisableScriptedObjects (5ms)
			BackupInstance (0ms)
			ReleaseScriptingObjects (0ms)
			CreateAndSetChildDomain (58ms)
		LoadAllAssembliesAndSetupDomain (710ms)
			LoadAssemblies (429ms)
			RebuildTransferFunctionScriptingTraits (0ms)
			SetupTypeCache (351ms)
				TypeCache.Initialize (342ms)
					TypeCache.ScanAssembly (335ms)
				ResolveRequiredComponents (9ms)
		FinalizeReload (0ms)
			ReleaseScriptCaches (0ms)
			RebuildScriptCaches (0ms)
			SetupLoadedEditorAssemblies (687ms)
				LogAssemblyErrors (0ms)
				InitializePlatformSupportModulesInManaged (28ms)
				SetLoadedEditorAssemblies (3ms)
				RefreshPlugins (0ms)
				BeforeProcessingInitializeOnLoad (102ms)
				ProcessInitializeOnLoadAttributes (490ms)
				ProcessInitializeOnLoadMethodAttributes (50ms)
				AfterProcessingInitializeOnLoad (14ms)
				EditorAssembliesLoaded (0ms)
			ExecutionOrderSort2 (0ms)
			AwakeInstancesAfterBackupRestoration (6ms)
Refreshing native plugins compatible for Editor in 25.40 ms, found 13 plugins.
Preloading 1 native plugins for Editor in 0.11 ms.
Unloading 4657 Unused Serialized files (Serialized files now loaded: 0)
Unloading 60 unused Assets / (1.3 MB). Loaded Objects now: 5239.
Memory consumption went from 229.3 MB to 228.0 MB.
Total: 4.755400 ms (FindLiveObjects: 0.342600 ms CreateObjectMapping: 0.143900 ms MarkObjects: 3.883900 ms  DeleteObjects: 0.384200 ms)

Prepare: number of updated asset objects reloaded= 0
AssetImportParameters requested are different than current active one (requested -> active):
  custom:container-demuxer-ogg: 62fdf1f143b41e24485cea50d1cbac27 -> 
  custom:video-codec-MediaFoundation-h265: e54d7ab0439102e2317fc1e4b246158d -> 
  custom:video-decoder-ogg-theora: a1e56fd34408186e4bbccfd4996cb3dc -> 
  custom:framework-win-MediaFoundation: 216162199b28c13a410421893ffa2e32 -> 
  custom:container-demuxer-webm: 4f35f7cbe854078d1ac9338744f61a02 -> 
  custom:container-muxer-webm: aa71ff27fc2769a1b78a27578f13a17b -> 
  custom:video-decoder-webm-vp8: 9c59270c3fd7afecdb556c50c9e8de78 -> 
  custom:AudioImporter_EditorPlatform: d09bf68614088b80899f8185d706f6e7 -> 
  custom:video-encoder-webm-vp8: eb34c28f22e8b96e1ab97ce403110664 -> 
  custom:audio-decoder-ogg-vorbis: bf7c407c2cedff20999df2af8eb42d56 -> 
  custom:audio-encoder-webm-vorbis: bf7c407c2cedff20999df2af8eb42d56 -> 
Editor requested this worker to shutdown with reason: Scaling down because of idle timeout
TcpMessagingSession - receive error: operation aborted. errorcode: 995, details: The I/O operation has been aborted because of either a thread exit or an application request.
AssetImportWorker is now disconnected from the server
Process exiting
Exiting without the bug reporter. Application will terminate with return code 0