Using pre-set license
Built from '2022.2/staging' branch; Version is '2022.2.15f1 (30d813e1a2a9) revision 3201043'; Using compiler version '192829333'; Build Type 'Release'
OS: 'Windows 10  (10.0.19045) 64bit Core' Language: 'en' Physical Memory: 32581 MB
BatchMode: 1, IsHumanControllingUs: 0, StartBugReporterOnCrash: 0, Is64bit: 1, IsPro: 1

COMMAND LINE ARGUMENTS:
C:\Program Files\Unity\Hub\Editor\2022.2.15f1\Editor\Unity.exe
-adb2
-batchMode
-noUpm
-name
AssetImportWorker6
-projectPath
C:/Users/admin/OneDrive/Desktop/SAP FYP/warehouse-simulator
-logFile
Logs/AssetImportWorker6.log
-srvPort
59057
Successfully changed project path to: C:/Users/admin/OneDrive/Desktop/SAP FYP/warehouse-simulator
C:/Users/admin/OneDrive/Desktop/SAP FYP/warehouse-simulator
[UnityMemory] Configuration Parameters - Can be set up in boot.config
    "memorysetup-bucket-allocator-granularity=16"
    "memorysetup-bucket-allocator-bucket-count=8"
    "memorysetup-bucket-allocator-block-size=33554432"
    "memorysetup-bucket-allocator-block-count=8"
    "memorysetup-main-allocator-block-size=16777216"
    "memorysetup-thread-allocator-block-size=16777216"
    "memorysetup-gfx-main-allocator-block-size=16777216"
    "memorysetup-gfx-thread-allocator-block-size=16777216"
    "memorysetup-cache-allocator-block-size=4194304"
    "memorysetup-typetree-allocator-block-size=2097152"
    "memorysetup-profiler-bucket-allocator-granularity=16"
    "memorysetup-profiler-bucket-allocator-bucket-count=8"
    "memorysetup-profiler-bucket-allocator-block-size=33554432"
    "memorysetup-profiler-bucket-allocator-block-count=8"
    "memorysetup-profiler-allocator-block-size=16777216"
    "memorysetup-profiler-editor-allocator-block-size=1048576"
    "memorysetup-temp-allocator-size-main=16777216"
    "memorysetup-job-temp-allocator-block-size=2097152"
    "memorysetup-job-temp-allocator-block-size-background=1048576"
    "memorysetup-job-temp-allocator-reduction-small-platforms=262144"
    "memorysetup-temp-allocator-size-background-worker=32768"
    "memorysetup-temp-allocator-size-job-worker=262144"
    "memorysetup-temp-allocator-size-preload-manager=33554432"
    "memorysetup-temp-allocator-size-nav-mesh-worker=65536"
    "memorysetup-temp-allocator-size-audio-worker=65536"
    "memorysetup-temp-allocator-size-cloud-worker=32768"
    "memorysetup-temp-allocator-size-gi-baking-worker=262144"
    "memorysetup-temp-allocator-size-gfx=262144"
Player connection [10988] Host "[IP] 192.168.1.96 [Port] 0 [Flags] 2 [Guid] 3680203557 [EditorId] 3680203557 [Version] 1048832 [Id] WindowsEditor(7,DESKTOP-B3TJGS4) [Debug] 1 [PackageName] WindowsEditor [ProjectName] Editor" joined multi-casting on [225.0.0.222:54997]...

Player connection [10988] Host "[IP] 192.168.1.96 [Port] 0 [Flags] 2 [Guid] 3680203557 [EditorId] 3680203557 [Version] 1048832 [Id] WindowsEditor(7,DESKTOP-B3TJGS4) [Debug] 1 [PackageName] WindowsEditor [ProjectName] Editor" joined alternative multi-casting on [225.0.0.222:34997]...

Refreshing native plugins compatible for Editor in 1526.69 ms, found 13 plugins.
Preloading 1 native plugins for Editor in 0.64 ms.
Initialize engine version: 2022.2.15f1 (30d813e1a2a9)
[Subsystems] Discovering subsystems at path C:/Program Files/Unity/Hub/Editor/2022.2.15f1/Editor/Data/Resources/UnitySubsystems
[Subsystems] Discovering subsystems at path C:/Users/admin/OneDrive/Desktop/SAP FYP/warehouse-simulator/Assets
GfxDevice: creating device client; threaded=0; jobified=0
Direct3D:
    Version:  Direct3D 11.0 [level 11.1]
    Renderer: NVIDIA GeForce RTX 3070 Ti (ID=0x2482)
    Vendor:   NVIDIA
    VRAM:     8031 MB
    Driver:   31.0.15.3179
Initialize mono
Mono path[0] = 'C:/Program Files/Unity/Hub/Editor/2022.2.15f1/Editor/Data/Managed'
Mono path[1] = 'C:/Program Files/Unity/Hub/Editor/2022.2.15f1/Editor/Data/MonoBleedingEdge/lib/mono/unityjit-win32'
Mono config path = 'C:/Program Files/Unity/Hub/Editor/2022.2.15f1/Editor/Data/MonoBleedingEdge/etc'
Using monoOptions --debugger-agent=transport=dt_socket,embedding=1,server=y,suspend=n,address=127.0.0.1:56876
Begin MonoManager ReloadAssembly
Registering precompiled unity dll's ...
Register platform support module: C:/Program Files/Unity/Hub/Editor/2022.2.15f1/Editor/Data/PlaybackEngines/WindowsStandaloneSupport/UnityEditor.WindowsStandalone.Extensions.dll
Registered in 0.076614 seconds.
- Loaded All Assemblies, in  3.996 seconds
Native extension for WindowsStandalone target not found
Mono: successfully reloaded assembly
- Finished resetting the current domain, in  0.297 seconds
Domain Reload Profiling:
	ReloadAssembly (3483ms)
		BeginReloadAssembly (3059ms)
			ExecutionOrderSort (0ms)
			DisableScriptedObjects (0ms)
			BackupInstance (0ms)
			ReleaseScriptingObjects (0ms)
			CreateAndSetChildDomain (1ms)
		LoadAllAssembliesAndSetupDomain (0ms)
			LoadAssemblies (3055ms)
			RebuildTransferFunctionScriptingTraits (0ms)
			SetupTypeCache (503ms)
				TypeCache.Initialize (502ms)
					TypeCache.ScanAssembly (501ms)
				ResolveRequiredComponents (0ms)
		FinalizeReload (0ms)
			ReleaseScriptCaches (0ms)
			RebuildScriptCaches (0ms)
			SetupLoadedEditorAssemblies (234ms)
				LogAssemblyErrors (0ms)
				InitializePlatformSupportModulesInManaged (11ms)
				SetLoadedEditorAssemblies (9ms)
				RefreshPlugins (0ms)
				BeforeProcessingInitializeOnLoad (1ms)
				ProcessInitializeOnLoadAttributes (155ms)
				ProcessInitializeOnLoadMethodAttributes (58ms)
				AfterProcessingInitializeOnLoad (0ms)
				EditorAssembliesLoaded (0ms)
			ExecutionOrderSort2 (0ms)
			AwakeInstancesAfterBackupRestoration (0ms)
========================================================================
Worker process is ready to serve import requests
Begin MonoManager ReloadAssembly
Symbol file LoadedFromMemory doesn't match image C:\Users\admin\OneDrive\Desktop\SAP FYP\warehouse-simulator\Library\PackageCache\com.unity.visualscripting@1.8.0\Editor\VisualScripting.Core\Dependencies\YamlDotNet\Unity.VisualScripting.YamlDotNet.dll
Symbol file LoadedFromMemory doesn't match image C:\Users\admin\OneDrive\Desktop\SAP FYP\warehouse-simulator\Library\PackageCache\com.unity.visualscripting@1.8.0\Editor\VisualScripting.Core\Dependencies\DotNetZip\Unity.VisualScripting.IonicZip.dll
- Loaded All Assemblies, in  5.266 seconds
Refreshing native plugins compatible for Editor in 19.43 ms, found 13 plugins.
Native extension for WindowsStandalone target not found
Package Manager log level set to [2]
[Package Manager] Server::EnsureServerProcessIsRunning -- launch failed, reason: Unity was launched with the -noUpm command-line argument
[Package Manager] UpmClient::Send -- Unable to send message (not connected to UPM process).
[Package Manager] Cannot connect to Unity Package Manager local server
System.Reflection.TargetInvocationException: Exception has been thrown by the target of an invocation. ---> System.NullReferenceException: Object reference not set to an instance of an object
  at Unity.XR.Oculus.OculusLoader.AssetPathToAbsolutePath (System.String assetPath) [0x0003d] in .\Library\PackageCache\com.unity.xr.oculus@3.3.0\Runtime\OculusLoader.cs:282 
  at Unity.XR.Oculus.OculusLoader.EditorLoadOVRPlugin () [0x0007b] in .\Library\PackageCache\com.unity.xr.oculus@3.3.0\Runtime\OculusLoader.cs:267 
  at (wrapper managed-to-native) System.Reflection.RuntimeMethodInfo.InternalInvoke(System.Reflection.RuntimeMethodInfo,object,object[],System.Exception&)
  at System.Reflection.RuntimeMethodInfo.Invoke (System.Object obj, System.Reflection.BindingFlags invokeAttr, System.Reflection.Binder binder, System.Object[] parameters, System.Globalization.CultureInfo culture) [0x0006a] in <cbc72d4a9767498db39486e941a498e3>:0 
   --- End of inner exception stack trace ---
  at System.Reflection.RuntimeMethodInfo.Invoke (System.Object obj, System.Reflection.BindingFlags invokeAttr, System.Reflection.Binder binder, System.Object[] parameters, System.Globalization.CultureInfo culture) [0x00083] in <cbc72d4a9767498db39486e941a498e3>:0 
  at System.Reflection.MethodBase.Invoke (System.Object obj, System.Object[] parameters) [0x00000] in <cbc72d4a9767498db39486e941a498e3>:0 
  at UnityEditor.EditorAssemblies.ProcessInitializeOnLoadMethodAttributes () [0x000a5] in <a034809d7c214f51bd2d2d89aa481461>:0 
UnityEngine.StackTraceUtility:ExtractStackTrace ()
UnityEngine.DebugLogHandler:LogFormat (UnityEngine.LogType,UnityEngine.Object,string,object[])
UnityEngine.Logger:Log (UnityEngine.LogType,object)
UnityEngine.Debug:LogError (object)
UnityEditor.EditorAssemblies:ProcessInitializeOnLoadMethodAttributes ()

Mono: successfully reloaded assembly
[Package Manager] Server::EnsureServerProcessIsRunning -- launch failed, reason: Unity was launched with the -noUpm command-line argument
[Package Manager] UpmClient::Send -- Unable to send message (not connected to UPM process).
[Package Manager] Cannot connect to Unity Package Manager local server
[Package Manager] Server::EnsureServerProcessIsRunning -- launch failed, reason: Unity was launched with the -noUpm command-line argument
[Package Manager] UpmClient::Send -- Unable to send message (not connected to UPM process).
[Package Manager] Cannot connect to Unity Package Manager local server
- Finished resetting the current domain, in  0.762 seconds
Domain Reload Profiling:
	ReloadAssembly (233ms)
		BeginReloadAssembly (137ms)
			ExecutionOrderSort (0ms)
			DisableScriptedObjects (6ms)
			BackupInstance (0ms)
			ReleaseScriptingObjects (0ms)
			CreateAndSetChildDomain (20ms)
		LoadAllAssembliesAndSetupDomain (5028ms)
			LoadAssemblies (4575ms)
			RebuildTransferFunctionScriptingTraits (0ms)
			SetupTypeCache (512ms)
				TypeCache.Initialize (474ms)
					TypeCache.ScanAssembly (470ms)
				ResolveRequiredComponents (9ms)
		FinalizeReload (0ms)
			ReleaseScriptCaches (0ms)
			RebuildScriptCaches (0ms)
			SetupLoadedEditorAssemblies (569ms)
				LogAssemblyErrors (0ms)
				InitializePlatformSupportModulesInManaged (7ms)
				SetLoadedEditorAssemblies (4ms)
				RefreshPlugins (0ms)
				BeforeProcessingInitializeOnLoad (94ms)
				ProcessInitializeOnLoadAttributes (394ms)
				ProcessInitializeOnLoadMethodAttributes (58ms)
				AfterProcessingInitializeOnLoad (11ms)
				EditorAssembliesLoaded (0ms)
			ExecutionOrderSort2 (0ms)
			AwakeInstancesAfterBackupRestoration (8ms)
Launched and connected shader compiler UnityShaderCompiler.exe after 0.06 seconds
Refreshing native plugins compatible for Editor in 19.45 ms, found 13 plugins.
Preloading 1 native plugins for Editor in 0.08 ms.
Unloading 4747 Unused Serialized files (Serialized files now loaded: 0)
Unloading 83 unused Assets / (1.3 MB). Loaded Objects now: 5218.
Memory consumption went from 168.0 MB to 166.7 MB.
Total: 3.786100 ms (FindLiveObjects: 0.432500 ms CreateObjectMapping: 0.181500 ms MarkObjects: 2.872900 ms  DeleteObjects: 0.297600 ms)

AssetImportParameters requested are different than current active one (requested -> active):
  custom:container-demuxer-ogg: 62fdf1f143b41e24485cea50d1cbac27 -> 
  custom:video-decoder-ogg-theora: a1e56fd34408186e4bbccfd4996cb3dc -> 
  custom:framework-win-MediaFoundation: 216162199b28c13a410421893ffa2e32 -> 
  custom:container-demuxer-webm: 4f35f7cbe854078d1ac9338744f61a02 -> 
  custom:container-muxer-webm: aa71ff27fc2769a1b78a27578f13a17b -> 
  custom:video-decoder-webm-vp8: 9c59270c3fd7afecdb556c50c9e8de78 -> 
  custom:AudioImporter_EditorPlatform: d09bf68614088b80899f8185d706f6e7 -> 
  custom:video-encoder-webm-vp8: eb34c28f22e8b96e1ab97ce403110664 -> 
  custom:audio-decoder-ogg-vorbis: bf7c407c2cedff20999df2af8eb42d56 -> 
  custom:audio-encoder-webm-vorbis: bf7c407c2cedff20999df2af8eb42d56 -> 
========================================================================
Received Import Request.
  Time since last request: 165324.984822 seconds.
  path: Assets/Cybernetic Walrus/Factory Interior/Prefabs/Air_Duct_01_Corner_01_Prefab_01.prefab
  artifactKey: Guid(48d1bb5c795ae1848925fdef96a30bca) Importer(815301076,1909f56bfc062723c751e8b465ee728b)
Start importing Assets/Cybernetic Walrus/Factory Interior/Prefabs/Air_Duct_01_Corner_01_Prefab_01.prefab using Guid(48d1bb5c795ae1848925fdef96a30bca) Importer(815301076,1909f56bfc062723c751e8b465ee728b)  -> (artifact id: 'c559736fe824b6612a574fb0fe43816f') in 0.146036 seconds
Number of updated asset objects reloaded before import = 0
Number of asset objects unloaded after import = 22
========================================================================
Received Import Request.
  Time since last request: 11.685608 seconds.
  path: Assets/IGBlocks/IG_Warehouse/Models/Boilers01.FBX
  artifactKey: Guid(5e1178ada147c6947a196907c86677a2) Importer(815301076,1909f56bfc062723c751e8b465ee728b)
Start importing Assets/IGBlocks/IG_Warehouse/Models/Boilers01.FBX using Guid(5e1178ada147c6947a196907c86677a2) Importer(815301076,1909f56bfc062723c751e8b465ee728b)  -> (artifact id: 'cb85bf600816a885e685fec8b48b2885') in 0.065391 seconds
Number of updated asset objects reloaded before import = 0
Number of asset objects unloaded after import = 20
========================================================================
Received Import Request.
  Time since last request: 124.231943 seconds.
  path: Assets/UnityTechnologies/ParticlePack/EffectExamples/Fire & Explosion Effects/Prefabs/BigExplosion.prefab
  artifactKey: Guid(e1b08032bec16ba4eb1ae23cbd572664) Importer(815301076,1909f56bfc062723c751e8b465ee728b)
Start importing Assets/UnityTechnologies/ParticlePack/EffectExamples/Fire & Explosion Effects/Prefabs/BigExplosion.prefab using Guid(e1b08032bec16ba4eb1ae23cbd572664) Importer(815301076,1909f56bfc062723c751e8b465ee728b)  -> (artifact id: '3082311dd952dadcb044d9cfd29f3e32') in 4.246271 seconds
Number of updated asset objects reloaded before import = 0
Number of asset objects unloaded after import = 51
========================================================================
Received Import Request.
  Time since last request: 10.336118 seconds.
  path: Assets/IGBlocks/IG_Warehouse/Prefabs/BigShelves/BigShelves03Group2.prefab
  artifactKey: Guid(29a5ff804c830e245a45dec0b19cf535) Importer(815301076,1909f56bfc062723c751e8b465ee728b)
Start importing Assets/IGBlocks/IG_Warehouse/Prefabs/BigShelves/BigShelves03Group2.prefab using Guid(29a5ff804c830e245a45dec0b19cf535) Importer(815301076,1909f56bfc062723c751e8b465ee728b)  -> (artifact id: '812f693e2cde7984488e8ec60ad64a0b') in 0.094204 seconds
Number of updated asset objects reloaded before import = 0
Number of asset objects unloaded after import = 42
========================================================================
Received Import Request.
  Time since last request: 0.000019 seconds.
  path: Assets/IGBlocks/IG_Warehouse/Prefabs/BigShelves/BigShelves04Group3.prefab
  artifactKey: Guid(33b0ccce357f31747b62ba0577c83d2f) Importer(815301076,1909f56bfc062723c751e8b465ee728b)
Start importing Assets/IGBlocks/IG_Warehouse/Prefabs/BigShelves/BigShelves04Group3.prefab using Guid(33b0ccce357f31747b62ba0577c83d2f) Importer(815301076,1909f56bfc062723c751e8b465ee728b)  -> (artifact id: 'd284b1e2df175da644031345ce14f866') in 0.032878 seconds
Number of updated asset objects reloaded before import = 0
Number of asset objects unloaded after import = 42
========================================================================
Received Import Request.
  Time since last request: 0.000018 seconds.
  path: Assets/IGBlocks/IG_Warehouse/Prefabs/BigShelves/BigShelves04.prefab
  artifactKey: Guid(3dfc88540f521914da9088a584aba34a) Importer(815301076,1909f56bfc062723c751e8b465ee728b)
Start importing Assets/IGBlocks/IG_Warehouse/Prefabs/BigShelves/BigShelves04.prefab using Guid(3dfc88540f521914da9088a584aba34a) Importer(815301076,1909f56bfc062723c751e8b465ee728b)  -> (artifact id: 'e449f5254b9820c95e8810b49bc8058f') in 0.029119 seconds
Number of updated asset objects reloaded before import = 0
Number of asset objects unloaded after import = 16
========================================================================
Received Import Request.
  Time since last request: 0.000311 seconds.
  path: Assets/IGBlocks/IG_Warehouse/Prefabs/BigShelves/BigShelves04Group1.prefab
  artifactKey: Guid(6a70907ae9566224e9be12f3b2edc0ba) Importer(815301076,1909f56bfc062723c751e8b465ee728b)
Start importing Assets/IGBlocks/IG_Warehouse/Prefabs/BigShelves/BigShelves04Group1.prefab using Guid(6a70907ae9566224e9be12f3b2edc0ba) Importer(815301076,1909f56bfc062723c751e8b465ee728b)  -> (artifact id: 'beefc02106b853cd6478a10718e2ca7d') in 0.025397 seconds
Number of updated asset objects reloaded before import = 0
Number of asset objects unloaded after import = 42
========================================================================
Received Import Request.
  Time since last request: 11.729572 seconds.
  path: Assets/Dexter's Boxes/SideBoxC.prefab
  artifactKey: Guid(2bcf4fa39b913f44f9450908d41bc146) Importer(815301076,1909f56bfc062723c751e8b465ee728b)
Start importing Assets/Dexter's Boxes/SideBoxC.prefab using Guid(2bcf4fa39b913f44f9450908d41bc146) Importer(815301076,1909f56bfc062723c751e8b465ee728b)  -> (artifact id: '9877a5c0d25c1efdf85949ed730e18bb') in 0.067508 seconds
Number of updated asset objects reloaded before import = 0
Number of asset objects unloaded after import = 41
========================================================================
Received Import Request.
  Time since last request: 19.004425 seconds.
  path: Assets/IGBlocks/IG_Warehouse/Prefabs/BigShelves/BigShelves02Group4.prefab
  artifactKey: Guid(c322aaac81839b34180ac68967fefe07) Importer(815301076,1909f56bfc062723c751e8b465ee728b)
Start importing Assets/IGBlocks/IG_Warehouse/Prefabs/BigShelves/BigShelves02Group4.prefab using Guid(c322aaac81839b34180ac68967fefe07) Importer(815301076,1909f56bfc062723c751e8b465ee728b)  -> (artifact id: 'ba1f52e67b00334052abef21e64dfbc7') in 0.038304 seconds
Number of updated asset objects reloaded before import = 0
Number of asset objects unloaded after import = 36
========================================================================
Received Import Request.
  Time since last request: 15.682972 seconds.
  path: Assets/Samples/XR Interaction Toolkit/2.3.1/XR Device Simulator/UI/XR Device Simulator UI.prefab
  artifactKey: Guid(ead42e0472b7547fbba6c229aeaf37d3) Importer(815301076,1909f56bfc062723c751e8b465ee728b)
Start importing Assets/Samples/XR Interaction Toolkit/2.3.1/XR Device Simulator/UI/XR Device Simulator UI.prefab using Guid(ead42e0472b7547fbba6c229aeaf37d3) Importer(815301076,1909f56bfc062723c751e8b465ee728b)  -> (artifact id: '090a06e9db68f0eea84e051200f9d402') in 0.041232 seconds
Number of updated asset objects reloaded before import = 0
Number of asset objects unloaded after import = 475
========================================================================
Received Import Request.
  Time since last request: 0.000017 seconds.
  path: Assets/Modern UI Pack/Prefabs/Animated Icon/Yes to No.prefab
  artifactKey: Guid(c1bb788926327284baa1a5c262c036ec) Importer(815301076,1909f56bfc062723c751e8b465ee728b)
Start importing Assets/Modern UI Pack/Prefabs/Animated Icon/Yes to No.prefab using Guid(c1bb788926327284baa1a5c262c036ec) Importer(815301076,1909f56bfc062723c751e8b465ee728b)  -> (artifact id: '8a82c1ca92b676c4522d8512de7a2569') in 0.115671 seconds
Number of updated asset objects reloaded before import = 0
Number of asset objects unloaded after import = 54
========================================================================
Received Import Request.
  Time since last request: 11.468150 seconds.
  path: Assets/IGBlocks/IG_Warehouse/Models/Ladder_01.FBX
  artifactKey: Guid(281e06322bcfdbd4bbd1a8384c8e800d) Importer(815301076,1909f56bfc062723c751e8b465ee728b)
Start importing Assets/IGBlocks/IG_Warehouse/Models/Ladder_01.FBX using Guid(281e06322bcfdbd4bbd1a8384c8e800d) Importer(815301076,1909f56bfc062723c751e8b465ee728b)  -> (artifact id: '1f3aeb3c48add322395337bc97784763') in 0.080949 seconds
Number of updated asset objects reloaded before import = 0
Number of asset objects unloaded after import = 10
========================================================================
Received Import Request.
  Time since last request: 0.000017 seconds.
  path: Assets/IGBlocks/IG_Warehouse/Models/WareBig_Floor.FBX
  artifactKey: Guid(5db33e1c4cf19894e8f4b7cdb3666b05) Importer(815301076,1909f56bfc062723c751e8b465ee728b)
Start importing Assets/IGBlocks/IG_Warehouse/Models/WareBig_Floor.FBX using Guid(5db33e1c4cf19894e8f4b7cdb3666b05) Importer(815301076,1909f56bfc062723c751e8b465ee728b)  -> (artifact id: '918f97cfc0632ee90477a5b1e0a32abd') in 0.027640 seconds
Number of updated asset objects reloaded before import = 0
Number of asset objects unloaded after import = 10
========================================================================
Received Import Request.
  Time since last request: 0.000026 seconds.
  path: Assets/IGBlocks/IG_Warehouse/Models/WareBig_Door.FBX
  artifactKey: Guid(faf39d1690f2c2643ab093102e53d08b) Importer(815301076,1909f56bfc062723c751e8b465ee728b)
Start importing Assets/IGBlocks/IG_Warehouse/Models/WareBig_Door.FBX using Guid(faf39d1690f2c2643ab093102e53d08b) Importer(815301076,1909f56bfc062723c751e8b465ee728b)  -> (artifact id: 'cbc020df48eaa4974f0d53ca15afd494') in 0.080533 seconds
Number of updated asset objects reloaded before import = 0
Number of asset objects unloaded after import = 12
========================================================================
Received Import Request.
  Time since last request: 0.000016 seconds.
  path: Assets/IGBlocks/IG_Warehouse/Models/WareFront_Walls.FBX
  artifactKey: Guid(7de79e022dc123741925e1cc909e00a3) Importer(815301076,1909f56bfc062723c751e8b465ee728b)
Start importing Assets/IGBlocks/IG_Warehouse/Models/WareFront_Walls.FBX using Guid(7de79e022dc123741925e1cc909e00a3) Importer(815301076,1909f56bfc062723c751e8b465ee728b)  -> (artifact id: 'ed4d4f65e10946a13f2b6b7889816715') in 0.092464 seconds
Number of updated asset objects reloaded before import = 0
Number of asset objects unloaded after import = 24
========================================================================
Received Import Request.
  Time since last request: 0.000017 seconds.
  path: Assets/IGBlocks/IG_Warehouse/Models/WareBig_Column2.FBX
  artifactKey: Guid(3c474af02f8914c45b87b13fb7265376) Importer(815301076,1909f56bfc062723c751e8b465ee728b)
Start importing Assets/IGBlocks/IG_Warehouse/Models/WareBig_Column2.FBX using Guid(3c474af02f8914c45b87b13fb7265376) Importer(815301076,1909f56bfc062723c751e8b465ee728b)  -> (artifact id: '5047a9676b90afaa8d2b1ab7ffe917cc') in 0.023693 seconds
Number of updated asset objects reloaded before import = 0
Number of asset objects unloaded after import = 10
========================================================================
Received Import Request.
  Time since last request: 0.000020 seconds.
  path: Assets/IGBlocks/IG_Warehouse/Models/WareFront_Walls_Door.FBX
  artifactKey: Guid(6d735fcd27bf7914580b64db345e2cf7) Importer(815301076,1909f56bfc062723c751e8b465ee728b)
Start importing Assets/IGBlocks/IG_Warehouse/Models/WareFront_Walls_Door.FBX using Guid(6d735fcd27bf7914580b64db345e2cf7) Importer(815301076,1909f56bfc062723c751e8b465ee728b)  -> (artifact id: '916e7564aa86ef658e22420e288c33d7') in 0.052132 seconds
Number of updated asset objects reloaded before import = 0
Number of asset objects unloaded after import = 36
========================================================================
Received Prepare
Begin MonoManager ReloadAssembly
Symbol file LoadedFromMemory doesn't match image C:\Users\admin\OneDrive\Desktop\SAP FYP\warehouse-simulator\Library\PackageCache\com.unity.visualscripting@1.8.0\Editor\VisualScripting.Core\Dependencies\YamlDotNet\Unity.VisualScripting.YamlDotNet.dll
Symbol file LoadedFromMemory doesn't match image C:\Users\admin\OneDrive\Desktop\SAP FYP\warehouse-simulator\Library\PackageCache\com.unity.visualscripting@1.8.0\Editor\VisualScripting.Core\Dependencies\DotNetZip\Unity.VisualScripting.IonicZip.dll
- Loaded All Assemblies, in  0.901 seconds
Refreshing native plugins compatible for Editor in 31.23 ms, found 13 plugins.
Native extension for WindowsStandalone target not found
[Package Manager] Server::EnsureServerProcessIsRunning -- launch failed, reason: Unity was launched with the -noUpm command-line argument
[Package Manager] UpmClient::Send -- Unable to send message (not connected to UPM process).
[Package Manager] Cannot connect to Unity Package Manager local server
System.Reflection.TargetInvocationException: Exception has been thrown by the target of an invocation. ---> System.NullReferenceException: Object reference not set to an instance of an object
  at Unity.XR.Oculus.OculusLoader.AssetPathToAbsolutePath (System.String assetPath) [0x0003d] in .\Library\PackageCache\com.unity.xr.oculus@3.3.0\Runtime\OculusLoader.cs:282 
  at Unity.XR.Oculus.OculusLoader.EditorLoadOVRPlugin () [0x0007b] in .\Library\PackageCache\com.unity.xr.oculus@3.3.0\Runtime\OculusLoader.cs:267 
  at (wrapper managed-to-native) System.Reflection.RuntimeMethodInfo.InternalInvoke(System.Reflection.RuntimeMethodInfo,object,object[],System.Exception&)
  at System.Reflection.RuntimeMethodInfo.Invoke (System.Object obj, System.Reflection.BindingFlags invokeAttr, System.Reflection.Binder binder, System.Object[] parameters, System.Globalization.CultureInfo culture) [0x0006a] in <cbc72d4a9767498db39486e941a498e3>:0 
   --- End of inner exception stack trace ---
  at System.Reflection.RuntimeMethodInfo.Invoke (System.Object obj, System.Reflection.BindingFlags invokeAttr, System.Reflection.Binder binder, System.Object[] parameters, System.Globalization.CultureInfo culture) [0x00083] in <cbc72d4a9767498db39486e941a498e3>:0 
  at System.Reflection.MethodBase.Invoke (System.Object obj, System.Object[] parameters) [0x00000] in <cbc72d4a9767498db39486e941a498e3>:0 
  at UnityEditor.EditorAssemblies.ProcessInitializeOnLoadMethodAttributes () [0x000a5] in <a034809d7c214f51bd2d2d89aa481461>:0 
UnityEngine.StackTraceUtility:ExtractStackTrace ()
UnityEngine.DebugLogHandler:LogFormat (UnityEngine.LogType,UnityEngine.Object,string,object[])
UnityEngine.Logger:Log (UnityEngine.LogType,object)
UnityEngine.Debug:LogError (object)
UnityEditor.EditorAssemblies:ProcessInitializeOnLoadMethodAttributes ()

Mono: successfully reloaded assembly
[Package Manager] Server::EnsureServerProcessIsRunning -- launch failed, reason: Unity was launched with the -noUpm command-line argument
[Package Manager] UpmClient::Send -- Unable to send message (not connected to UPM process).
[Package Manager] Cannot connect to Unity Package Manager local server
- Finished resetting the current domain, in  1.233 seconds
Domain Reload Profiling:
	ReloadAssembly (252ms)
		BeginReloadAssembly (165ms)
			ExecutionOrderSort (0ms)
			DisableScriptedObjects (5ms)
			BackupInstance (0ms)
			ReleaseScriptingObjects (0ms)
			CreateAndSetChildDomain (42ms)
		LoadAllAssembliesAndSetupDomain (640ms)
			LoadAssemblies (361ms)
			RebuildTransferFunctionScriptingTraits (0ms)
			SetupTypeCache (344ms)
				TypeCache.Initialize (331ms)
					TypeCache.ScanAssembly (325ms)
				ResolveRequiredComponents (12ms)
		FinalizeReload (0ms)
			ReleaseScriptCaches (0ms)
			RebuildScriptCaches (0ms)
			SetupLoadedEditorAssemblies (550ms)
				LogAssemblyErrors (0ms)
				InitializePlatformSupportModulesInManaged (8ms)
				SetLoadedEditorAssemblies (4ms)
				RefreshPlugins (0ms)
				BeforeProcessingInitializeOnLoad (104ms)
				ProcessInitializeOnLoadAttributes (359ms)
				ProcessInitializeOnLoadMethodAttributes (62ms)
				AfterProcessingInitializeOnLoad (12ms)
				EditorAssembliesLoaded (0ms)
			ExecutionOrderSort2 (0ms)
			AwakeInstancesAfterBackupRestoration (9ms)
Refreshing native plugins compatible for Editor in 22.66 ms, found 13 plugins.
Preloading 1 native plugins for Editor in 0.09 ms.
Unloading 4657 Unused Serialized files (Serialized files now loaded: 0)
Unloading 63 unused Assets / (1.3 MB). Loaded Objects now: 5238.
Memory consumption went from 229.7 MB to 228.4 MB.
Total: 4.091900 ms (FindLiveObjects: 0.473100 ms CreateObjectMapping: 0.200100 ms MarkObjects: 3.067900 ms  DeleteObjects: 0.349500 ms)

Prepare: number of updated asset objects reloaded= 0
AssetImportParameters requested are different than current active one (requested -> active):
  custom:container-demuxer-ogg: 62fdf1f143b41e24485cea50d1cbac27 -> 
  custom:video-decoder-ogg-theora: a1e56fd34408186e4bbccfd4996cb3dc -> 
  custom:framework-win-MediaFoundation: 216162199b28c13a410421893ffa2e32 -> 
  custom:container-demuxer-webm: 4f35f7cbe854078d1ac9338744f61a02 -> 
  custom:container-muxer-webm: aa71ff27fc2769a1b78a27578f13a17b -> 
  custom:video-decoder-webm-vp8: 9c59270c3fd7afecdb556c50c9e8de78 -> 
  custom:AudioImporter_EditorPlatform: d09bf68614088b80899f8185d706f6e7 -> 
  custom:video-encoder-webm-vp8: eb34c28f22e8b96e1ab97ce403110664 -> 
  custom:audio-decoder-ogg-vorbis: bf7c407c2cedff20999df2af8eb42d56 -> 
  custom:audio-encoder-webm-vorbis: bf7c407c2cedff20999df2af8eb42d56 -> 
========================================================================
Received Prepare
Begin MonoManager ReloadAssembly
Symbol file LoadedFromMemory doesn't match image C:\Users\admin\OneDrive\Desktop\SAP FYP\warehouse-simulator\Library\PackageCache\com.unity.visualscripting@1.8.0\Editor\VisualScripting.Core\Dependencies\YamlDotNet\Unity.VisualScripting.YamlDotNet.dll
Symbol file LoadedFromMemory doesn't match image C:\Users\admin\OneDrive\Desktop\SAP FYP\warehouse-simulator\Library\PackageCache\com.unity.visualscripting@1.8.0\Editor\VisualScripting.Core\Dependencies\DotNetZip\Unity.VisualScripting.IonicZip.dll
- Loaded All Assemblies, in  0.893 seconds
Refreshing native plugins compatible for Editor in 21.71 ms, found 13 plugins.
Native extension for WindowsStandalone target not found
[Package Manager] Server::EnsureServerProcessIsRunning -- launch failed, reason: Unity was launched with the -noUpm command-line argument
[Package Manager] UpmClient::Send -- Unable to send message (not connected to UPM process).
[Package Manager] Cannot connect to Unity Package Manager local server
System.Reflection.TargetInvocationException: Exception has been thrown by the target of an invocation. ---> System.NullReferenceException: Object reference not set to an instance of an object
  at Unity.XR.Oculus.OculusLoader.AssetPathToAbsolutePath (System.String assetPath) [0x0003d] in .\Library\PackageCache\com.unity.xr.oculus@3.3.0\Runtime\OculusLoader.cs:282 
  at Unity.XR.Oculus.OculusLoader.EditorLoadOVRPlugin () [0x0007b] in .\Library\PackageCache\com.unity.xr.oculus@3.3.0\Runtime\OculusLoader.cs:267 
  at (wrapper managed-to-native) System.Reflection.RuntimeMethodInfo.InternalInvoke(System.Reflection.RuntimeMethodInfo,object,object[],System.Exception&)
  at System.Reflection.RuntimeMethodInfo.Invoke (System.Object obj, System.Reflection.BindingFlags invokeAttr, System.Reflection.Binder binder, System.Object[] parameters, System.Globalization.CultureInfo culture) [0x0006a] in <cbc72d4a9767498db39486e941a498e3>:0 
   --- End of inner exception stack trace ---
  at System.Reflection.RuntimeMethodInfo.Invoke (System.Object obj, System.Reflection.BindingFlags invokeAttr, System.Reflection.Binder binder, System.Object[] parameters, System.Globalization.CultureInfo culture) [0x00083] in <cbc72d4a9767498db39486e941a498e3>:0 
  at System.Reflection.MethodBase.Invoke (System.Object obj, System.Object[] parameters) [0x00000] in <cbc72d4a9767498db39486e941a498e3>:0 
  at UnityEditor.EditorAssemblies.ProcessInitializeOnLoadMethodAttributes () [0x000a5] in <a034809d7c214f51bd2d2d89aa481461>:0 
UnityEngine.StackTraceUtility:ExtractStackTrace ()
UnityEngine.DebugLogHandler:LogFormat (UnityEngine.LogType,UnityEngine.Object,string,object[])
UnityEngine.Logger:Log (UnityEngine.LogType,object)
UnityEngine.Debug:LogError (object)
UnityEditor.EditorAssemblies:ProcessInitializeOnLoadMethodAttributes ()

Mono: successfully reloaded assembly
[Package Manager] Server::EnsureServerProcessIsRunning -- launch failed, reason: Unity was launched with the -noUpm command-line argument
[Package Manager] UpmClient::Send -- Unable to send message (not connected to UPM process).
[Package Manager] Cannot connect to Unity Package Manager local server
- Finished resetting the current domain, in  1.439 seconds
Domain Reload Profiling:
	ReloadAssembly (254ms)
		BeginReloadAssembly (167ms)
			ExecutionOrderSort (0ms)
			DisableScriptedObjects (5ms)
			BackupInstance (0ms)
			ReleaseScriptingObjects (0ms)
			CreateAndSetChildDomain (42ms)
		LoadAllAssembliesAndSetupDomain (631ms)
			LoadAssemblies (362ms)
			RebuildTransferFunctionScriptingTraits (0ms)
			SetupTypeCache (334ms)
				TypeCache.Initialize (324ms)
					TypeCache.ScanAssembly (316ms)
				ResolveRequiredComponents (10ms)
		FinalizeReload (0ms)
			ReleaseScriptCaches (0ms)
			RebuildScriptCaches (0ms)
			SetupLoadedEditorAssemblies (573ms)
				LogAssemblyErrors (0ms)
				InitializePlatformSupportModulesInManaged (10ms)
				SetLoadedEditorAssemblies (5ms)
				RefreshPlugins (0ms)
				BeforeProcessingInitializeOnLoad (111ms)
				ProcessInitializeOnLoadAttributes (373ms)
				ProcessInitializeOnLoadMethodAttributes (61ms)
				AfterProcessingInitializeOnLoad (14ms)
				EditorAssembliesLoaded (0ms)
			ExecutionOrderSort2 (0ms)
			AwakeInstancesAfterBackupRestoration (8ms)
Refreshing native plugins compatible for Editor in 28.01 ms, found 13 plugins.
Preloading 1 native plugins for Editor in 0.11 ms.
Unloading 4658 Unused Serialized files (Serialized files now loaded: 0)
Unloading 60 unused Assets / (1.3 MB). Loaded Objects now: 5242.
Memory consumption went from 230.0 MB to 228.7 MB.
Total: 4.571400 ms (FindLiveObjects: 0.602500 ms CreateObjectMapping: 0.283300 ms MarkObjects: 3.423400 ms  DeleteObjects: 0.260900 ms)

Prepare: number of updated asset objects reloaded= 0
AssetImportParameters requested are different than current active one (requested -> active):
  custom:container-demuxer-ogg: 62fdf1f143b41e24485cea50d1cbac27 -> 
  custom:video-decoder-ogg-theora: a1e56fd34408186e4bbccfd4996cb3dc -> 
  custom:framework-win-MediaFoundation: 216162199b28c13a410421893ffa2e32 -> 
  custom:container-demuxer-webm: 4f35f7cbe854078d1ac9338744f61a02 -> 
  custom:container-muxer-webm: aa71ff27fc2769a1b78a27578f13a17b -> 
  custom:video-decoder-webm-vp8: 9c59270c3fd7afecdb556c50c9e8de78 -> 
  custom:AudioImporter_EditorPlatform: d09bf68614088b80899f8185d706f6e7 -> 
  custom:video-encoder-webm-vp8: eb34c28f22e8b96e1ab97ce403110664 -> 
  custom:audio-decoder-ogg-vorbis: bf7c407c2cedff20999df2af8eb42d56 -> 
  custom:audio-encoder-webm-vorbis: bf7c407c2cedff20999df2af8eb42d56 -> 
Editor requested this worker to shutdown with reason: Scaling down because of idle timeout
TcpMessagingSession - receive error: operation aborted. errorcode: 995, details: The I/O operation has been aborted because of either a thread exit or an application request.
AssetImportWorker is now disconnected from the server
Process exiting
Exiting without the bug reporter. Application will terminate with return code 0